[2022-12-02 13:49:19][yzjNvlftL15djWnrf6BjIIRG0ovQ9J0T] Processing: App\Notifications\AlerteNotification
[2022-12-02 13:49:20][yzjNvlftL15djWnrf6BjIIRG0ovQ9J0T] Processed:  App\Notifications\AlerteNotification
[2022-12-02 13:49:20][DeWHF0zCt0rrRlaUZyPniWjBcl7QW4RX] Processing: App\Notifications\AlerteNotification
[2022-12-02 13:49:20][DeWHF0zCt0rrRlaUZyPniWjBcl7QW4RX] Processed:  App\Notifications\AlerteNotification
[2022-12-02 13:49:20][KyzJNh267hcJlPHDBFHji23DiJ5f47Cq] Processing: App\Notifications\AlerteNotification
[2022-12-02 13:49:21][KyzJNh267hcJlPHDBFHji23DiJ5f47Cq] Processed:  App\Notifications\AlerteNotification
[2022-12-02 13:49:21][g0LLefvMdA0ej7N1s53PMRNsdvShaliW] Processing: App\Notifications\AlerteNotification
[2022-12-02 13:49:21][g0LLefvMdA0ej7N1s53PMRNsdvShaliW] Processed:  App\Notifications\AlerteNotification
[2022-12-02 13:49:21][DFjBkKSatPqYwAby3Ed1EGIKDMczNcoj] Processing: App\Notifications\AlerteNotification
[2022-12-02 13:49:22][DFjBkKSatPqYwAby3Ed1EGIKDMczNcoj] Processed:  App\Notifications\AlerteNotification
[2022-12-02 13:49:22][T9HdDAjc7Y2nzhemol7FQpgxFVNxP9Ql] Processing: App\Notifications\AlerteNotification
[2022-12-02 13:49:22][T9HdDAjc7Y2nzhemol7FQpgxFVNxP9Ql] Processed:  App\Notifications\AlerteNotification
[2022-12-02 13:49:22][dm267GcNkbsMqGDolOc7RbMHWAz4qIjx] Processing: App\Notifications\AlerteNotification
[2022-12-02 13:49:22][dm267GcNkbsMqGDolOc7RbMHWAz4qIjx] Processed:  App\Notifications\AlerteNotification
[2022-12-02 13:49:22][XXOW9qRHc46IozXhNH8NFSUaXtzkMyXt] Processing: App\Notifications\AlerteNotification
[2022-12-02 13:49:22][XXOW9qRHc46IozXhNH8NFSUaXtzkMyXt] Processed:  App\Notifications\AlerteNotification
[2022-12-02 13:49:22][eqzen864nPck0MCeYLOQlCESG7rmljCo] Processing: App\Notifications\AlerteNotification
[2022-12-02 13:49:23][eqzen864nPck0MCeYLOQlCESG7rmljCo] Processed:  App\Notifications\AlerteNotification
[2022-12-02 13:49:23][FeKRTqjCecqD8I1ER0IjqkzBgysFEerc] Processing: App\Notifications\AlerteNotification
[2022-12-02 13:49:23][FeKRTqjCecqD8I1ER0IjqkzBgysFEerc] Processed:  App\Notifications\AlerteNotification
[2022-12-02 13:49:23][c16kkSwLTKDsjJhUpKgFm5Lz6imTr2KB] Processing: App\Notifications\AlerteNotification
[2022-12-02 13:49:24][c16kkSwLTKDsjJhUpKgFm5Lz6imTr2KB] Processed:  App\Notifications\AlerteNotification
[2022-12-02 13:49:24][uCniJI3nb5MzYHo5lEXPcjlgstKUDegF] Processing: App\Notifications\AlerteNotification
[2022-12-02 13:49:24][uCniJI3nb5MzYHo5lEXPcjlgstKUDegF] Processed:  App\Notifications\AlerteNotification
[2022-12-02 13:49:24][UI6Q7HA0HIc2qRIVVMPbB3HjXbMsBpvk] Processing: App\Notifications\AlerteNotification
[2022-12-02 13:49:25][UI6Q7HA0HIc2qRIVVMPbB3HjXbMsBpvk] Processed:  App\Notifications\AlerteNotification
[2022-12-02 13:49:25][ujy6ne1JYwfvMbMe1MWHU8CEC5HnLd0x] Processing: App\Notifications\AlerteNotification
[2022-12-02 13:49:25][ujy6ne1JYwfvMbMe1MWHU8CEC5HnLd0x] Processed:  App\Notifications\AlerteNotification
[2022-12-02 13:49:25][yztzflQio3c5sq2a1pkQaYJUB6VDierP] Processing: App\Notifications\AlerteNotification
[2022-12-02 13:49:25][yztzflQio3c5sq2a1pkQaYJUB6VDierP] Processed:  App\Notifications\AlerteNotification
[2022-12-02 13:49:25][cXtWg2t1X7AVJLsaTN68TowBi21B8UYg] Processing: App\Notifications\AlerteNotification
[2022-12-02 13:49:25][cXtWg2t1X7AVJLsaTN68TowBi21B8UYg] Processed:  App\Notifications\AlerteNotification
[2022-12-02 13:49:25][I7PcOhhBmOzKHabnzZmE53AeG9Ueg8cT] Processing: App\Notifications\AlerteNotification
[2022-12-02 13:49:26][I7PcOhhBmOzKHabnzZmE53AeG9Ueg8cT] Processed:  App\Notifications\AlerteNotification
[2022-12-02 13:49:26][5AaT1GHoxZTrMTRN7OZju4xvNsDNI4m0] Processing: App\Notifications\AlerteNotification
[2022-12-02 13:49:26][5AaT1GHoxZTrMTRN7OZju4xvNsDNI4m0] Processed:  App\Notifications\AlerteNotification
[2022-12-02 13:49:26][JSUndfEyRdZa3AXl6lBIF4XAyG2KHlYY] Processing: App\Notifications\AlerteNotification
[2022-12-02 13:49:27][JSUndfEyRdZa3AXl6lBIF4XAyG2KHlYY] Processed:  App\Notifications\AlerteNotification
[2022-12-02 13:49:27][UBFSVbtgjWgPYaRr0YX2NMf9xi6ezzSJ] Processing: App\Notifications\AlerteNotification
[2022-12-02 13:49:27][UBFSVbtgjWgPYaRr0YX2NMf9xi6ezzSJ] Processed:  App\Notifications\AlerteNotification
[2022-12-02 13:49:27][MeviNMVMcxD7skjoqde9CtK15ihBVNDm] Processing: App\Notifications\AlerteNotification
[2022-12-02 13:49:27][MeviNMVMcxD7skjoqde9CtK15ihBVNDm] Processed:  App\Notifications\AlerteNotification
[2022-12-02 13:49:27][AxMe4SbK9ARcqqpt0GxHBFouXK3GaeD1] Processing: App\Notifications\AlerteNotification
[2022-12-02 13:49:27][AxMe4SbK9ARcqqpt0GxHBFouXK3GaeD1] Processed:  App\Notifications\AlerteNotification
[2022-12-02 13:49:27][NsfrOL2A5c00iAhuQcXlod22LJgJoVrp] Processing: App\Notifications\AlerteNotification
[2022-12-02 13:49:28][NsfrOL2A5c00iAhuQcXlod22LJgJoVrp] Processed:  App\Notifications\AlerteNotification
[2022-12-02 13:49:28][39XSbNAXrAGm3eOkgWL3BZkiKVvGT3ot] Processing: App\Notifications\AlerteNotification
[2022-12-02 13:49:28][39XSbNAXrAGm3eOkgWL3BZkiKVvGT3ot] Processed:  App\Notifications\AlerteNotification
[2022-12-02 13:49:28][O4mhqCYtmGyfwp38M5fcLWeDnlyeYBq4] Processing: App\Notifications\SouscriptionAlert
[2022-12-02 13:49:28][O4mhqCYtmGyfwp38M5fcLWeDnlyeYBq4] Processed:  App\Notifications\SouscriptionAlert
[2022-12-02 18:30:27][zJ37oWVNNYP18NpNdkf8mVqciQ7wlkzi] Processing: App\Notifications\AlerteNotification
[2022-12-02 18:30:28][zJ37oWVNNYP18NpNdkf8mVqciQ7wlkzi] Processed:  App\Notifications\AlerteNotification
[2022-12-02 18:30:28][wI1a9SJJGmTvY1F8jHp1jsyqrIsQ8g30] Processing: App\Notifications\AlerteNotification
[2022-12-02 18:30:28][wI1a9SJJGmTvY1F8jHp1jsyqrIsQ8g30] Processed:  App\Notifications\AlerteNotification
[2022-12-02 18:31:25][Z752FLM8LSvwSCsxCoZJL7RNlTptQEhz] Processing: App\Notifications\AlerteNotification
[2022-12-02 18:31:26][Z752FLM8LSvwSCsxCoZJL7RNlTptQEhz] Processed:  App\Notifications\AlerteNotification
[2022-12-02 18:31:26][seMVW0SmPgI7WUr3Pz2aV3CpwWcz8XeW] Processing: App\Notifications\AlerteNotification
[2022-12-02 18:31:26][seMVW0SmPgI7WUr3Pz2aV3CpwWcz8XeW] Processed:  App\Notifications\AlerteNotification
[2022-12-02 18:41:35][NTMAhtteld4xQYhlQfryaR7j2wbuJYJj] Processing: App\Notifications\AlerteNotification
[2022-12-02 18:41:35][NTMAhtteld4xQYhlQfryaR7j2wbuJYJj] Failed:     App\Notifications\AlerteNotification
[2022-12-02 18:41:35][o3GgZEVq7hztZXEeekKHlDiH9vK0qaJN] Processing: App\Notifications\AlerteNotification
[2022-12-02 18:41:35][o3GgZEVq7hztZXEeekKHlDiH9vK0qaJN] Failed:     App\Notifications\AlerteNotification
[2022-12-02 18:41:35][UXc3d8HzSOFg1WzAKvEefr2xRStuQmRH] Processing: App\Notifications\AlerteNotification
[2022-12-02 18:41:35][UXc3d8HzSOFg1WzAKvEefr2xRStuQmRH] Failed:     App\Notifications\AlerteNotification
[2022-12-02 18:41:35][2oCXQPgLxtNHQxY873KaBcp2cwhRr7Pi] Processing: App\Notifications\AlerteNotification
[2022-12-02 18:41:35][2oCXQPgLxtNHQxY873KaBcp2cwhRr7Pi] Failed:     App\Notifications\AlerteNotification
[2022-12-02 18:41:35][qjItvjUtIxFkYGnU8wJ4xwanhQIjxQDf] Processing: App\Notifications\AlerteNotification
[2022-12-02 18:41:35][qjItvjUtIxFkYGnU8wJ4xwanhQIjxQDf] Failed:     App\Notifications\AlerteNotification
[2022-12-02 18:41:35][CyqONkmzw2jkt7f2XYZQeS4IiDAS6ViH] Processing: App\Notifications\AlerteNotification
[2022-12-02 18:41:35][CyqONkmzw2jkt7f2XYZQeS4IiDAS6ViH] Failed:     App\Notifications\AlerteNotification
[2022-12-02 18:41:35][kl97Ez3Gx3viFLGFZFaCo6rPjg5da4YP] Processing: App\Notifications\AlerteNotification
[2022-12-02 18:41:35][kl97Ez3Gx3viFLGFZFaCo6rPjg5da4YP] Failed:     App\Notifications\AlerteNotification
[2022-12-02 18:41:35][dFqsBSRNCuStk0eLBKWH1pxU9OtKsx9m] Processing: App\Notifications\AlerteNotification
[2022-12-02 18:41:35][dFqsBSRNCuStk0eLBKWH1pxU9OtKsx9m] Failed:     App\Notifications\AlerteNotification
[2022-12-02 18:41:35][kJC3XqApvQTsCHh1laovygQhCcSCN8jr] Processing: App\Notifications\AlerteNotification
[2022-12-02 18:41:35][kJC3XqApvQTsCHh1laovygQhCcSCN8jr] Failed:     App\Notifications\AlerteNotification
[2022-12-02 18:41:35][Uk8401lP2sQ0w7cUDIra3iYsGM215wEw] Processing: App\Notifications\AlerteNotification
[2022-12-02 18:41:35][Uk8401lP2sQ0w7cUDIra3iYsGM215wEw] Failed:     App\Notifications\AlerteNotification
[2022-12-02 18:41:35][GmDZX2ipvZ9Wp3ZBFOAThVkKXTCvHsco] Processing: App\Notifications\AlerteNotification
[2022-12-02 18:41:35][GmDZX2ipvZ9Wp3ZBFOAThVkKXTCvHsco] Failed:     App\Notifications\AlerteNotification
[2022-12-02 18:41:35][09aKfuGXydDTD2CjFDcpQx1GPqGt3kRL] Processing: App\Notifications\AlerteNotification
[2022-12-02 18:41:35][09aKfuGXydDTD2CjFDcpQx1GPqGt3kRL] Failed:     App\Notifications\AlerteNotification
[2022-12-02 18:41:35][bKPUe8JZDCfNoSfrD1AOWgV3EqJSfgZC] Processing: App\Notifications\AlerteNotification
[2022-12-02 18:41:35][bKPUe8JZDCfNoSfrD1AOWgV3EqJSfgZC] Failed:     App\Notifications\AlerteNotification
[2022-12-02 18:41:35][O1rIwS0lYJjBQbWUThI3UB24ydJ4U713] Processing: App\Notifications\AlerteNotification
[2022-12-02 18:41:35][O1rIwS0lYJjBQbWUThI3UB24ydJ4U713] Failed:     App\Notifications\AlerteNotification
[2022-12-02 18:41:35][u2sgo2FMQu2J6n66vdG7eX4cjjprxMTB] Processing: App\Notifications\AlerteNotification
[2022-12-02 18:41:35][u2sgo2FMQu2J6n66vdG7eX4cjjprxMTB] Failed:     App\Notifications\AlerteNotification
[2022-12-02 18:41:35][rpqJaEyQk5LSMCnIoGdVnECm8koqjMom] Processing: App\Notifications\AlerteNotification
[2022-12-02 18:41:35][rpqJaEyQk5LSMCnIoGdVnECm8koqjMom] Failed:     App\Notifications\AlerteNotification
[2022-12-02 18:41:35][U06UAITjbpofpJPuWEGYz8Dt4BYBv2Sv] Processing: App\Notifications\AlerteNotification
[2022-12-02 18:41:35][U06UAITjbpofpJPuWEGYz8Dt4BYBv2Sv] Failed:     App\Notifications\AlerteNotification
[2022-12-02 18:41:35][dVqaHbo2rwfMkP02HkW37RirDYNBl4BX] Processing: App\Notifications\AlerteNotification
[2022-12-02 18:41:35][dVqaHbo2rwfMkP02HkW37RirDYNBl4BX] Failed:     App\Notifications\AlerteNotification
[2022-12-02 18:41:35][je9FmLpm7lZxCbF874uTw2XM2xJnrLHQ] Processing: App\Notifications\AlerteNotification
[2022-12-02 18:41:35][je9FmLpm7lZxCbF874uTw2XM2xJnrLHQ] Failed:     App\Notifications\AlerteNotification
[2022-12-02 18:41:35][H8MEpDSSryK463cETlzDsthM31MgaLNs] Processing: App\Notifications\AlerteNotification
[2022-12-02 18:41:35][H8MEpDSSryK463cETlzDsthM31MgaLNs] Failed:     App\Notifications\AlerteNotification
[2022-12-02 18:41:35][UfM4ZLBwkcB9uZfWuiqa5jFzh8lXgQxo] Processing: App\Notifications\AlerteNotification
[2022-12-02 18:41:35][UfM4ZLBwkcB9uZfWuiqa5jFzh8lXgQxo] Failed:     App\Notifications\AlerteNotification
[2022-12-02 18:41:35][aECP7yV5zIxxvm4lOvwCwgRuONi5xSu2] Processing: App\Notifications\AlerteNotification
[2022-12-02 18:41:35][aECP7yV5zIxxvm4lOvwCwgRuONi5xSu2] Failed:     App\Notifications\AlerteNotification
[2022-12-02 18:41:35][HMBYi7ynYhlNIvhwRFVX09trXQpO8jzT] Processing: App\Notifications\AlerteNotification
[2022-12-02 18:41:35][HMBYi7ynYhlNIvhwRFVX09trXQpO8jzT] Failed:     App\Notifications\AlerteNotification
[2022-12-02 18:41:35][wTsGP44uiBot5mJnQkeAnzclHibXbUac] Processing: App\Notifications\AlerteNotification
[2022-12-02 18:41:35][wTsGP44uiBot5mJnQkeAnzclHibXbUac] Failed:     App\Notifications\AlerteNotification
[2022-12-02 18:41:38][ckqrTB6kJb3SXcwMLDorcI5BNL4T2iNt] Processing: App\Notifications\SouscriptionAlert
[2022-12-02 18:41:38][ckqrTB6kJb3SXcwMLDorcI5BNL4T2iNt] Failed:     App\Notifications\SouscriptionAlert
[2022-12-02 18:43:05][tXY2WxoHlGlcELaVq4ncQOvJmJpZJsti] Processing: App\Notifications\AlerteNotification
[2022-12-02 18:43:05][tXY2WxoHlGlcELaVq4ncQOvJmJpZJsti] Failed:     App\Notifications\AlerteNotification
[2022-12-02 18:43:05][ruQ6RaLAsaj7suKaBPcsV6B2ms3V0nUe] Processing: App\Notifications\AlerteNotification
[2022-12-02 18:43:05][ruQ6RaLAsaj7suKaBPcsV6B2ms3V0nUe] Failed:     App\Notifications\AlerteNotification
[2022-12-02 18:43:05][JeHkIILkTcTB3uKL5kYN8pkSshSOg0lb] Processing: App\Notifications\AlerteNotification
[2022-12-02 18:43:05][JeHkIILkTcTB3uKL5kYN8pkSshSOg0lb] Failed:     App\Notifications\AlerteNotification
[2022-12-02 18:43:05][KI7BHdAGq887XafdJXE8I4ExpiiW2Mew] Processing: App\Notifications\AlerteNotification
[2022-12-02 18:43:05][KI7BHdAGq887XafdJXE8I4ExpiiW2Mew] Failed:     App\Notifications\AlerteNotification
[2022-12-02 18:43:05][H9HkcsvuyQqvLeezhquKEFIBbcpKVbPg] Processing: App\Notifications\AlerteNotification
[2022-12-02 18:43:05][H9HkcsvuyQqvLeezhquKEFIBbcpKVbPg] Failed:     App\Notifications\AlerteNotification
[2022-12-02 18:43:05][8IZ54vWws08PEjGhV8g4SMUoQ5BjktrL] Processing: App\Notifications\AlerteNotification
[2022-12-02 18:43:05][8IZ54vWws08PEjGhV8g4SMUoQ5BjktrL] Failed:     App\Notifications\AlerteNotification
[2022-12-02 18:43:05][62ytru76SfwYLhZYp8CP3TFmcWYguLWO] Processing: App\Notifications\AlerteNotification
[2022-12-02 18:43:05][62ytru76SfwYLhZYp8CP3TFmcWYguLWO] Failed:     App\Notifications\AlerteNotification
[2022-12-02 18:43:05][toIlTDoyvVESnBxBQxWPmeWq0OBSjyyl] Processing: App\Notifications\AlerteNotification
[2022-12-02 18:43:05][toIlTDoyvVESnBxBQxWPmeWq0OBSjyyl] Failed:     App\Notifications\AlerteNotification
[2022-12-02 18:43:05][wYRBUFU4vvCG61zEFlz8ADSqR0aulfpe] Processing: App\Notifications\AlerteNotification
[2022-12-02 18:43:05][wYRBUFU4vvCG61zEFlz8ADSqR0aulfpe] Failed:     App\Notifications\AlerteNotification
[2022-12-02 18:43:05][TWEhHkpyf2wL56hWDNtgQNugJyLt0EkZ] Processing: App\Notifications\AlerteNotification
[2022-12-02 18:43:05][TWEhHkpyf2wL56hWDNtgQNugJyLt0EkZ] Failed:     App\Notifications\AlerteNotification
[2022-12-02 18:43:05][iezFV6nIO8r8rFjkrd6UbMDl105wFCV1] Processing: App\Notifications\AlerteNotification
[2022-12-02 18:43:05][iezFV6nIO8r8rFjkrd6UbMDl105wFCV1] Failed:     App\Notifications\AlerteNotification
[2022-12-02 18:43:05][PygKiJnsFe7vh9b5CU5L0BovaU1BWIUP] Processing: App\Notifications\AlerteNotification
[2022-12-02 18:43:05][PygKiJnsFe7vh9b5CU5L0BovaU1BWIUP] Failed:     App\Notifications\AlerteNotification
[2022-12-02 18:43:05][f2MxTxbeH5wl8KZB1hW2M8GuuZdzIOKJ] Processing: App\Notifications\AlerteNotification
[2022-12-02 18:43:05][f2MxTxbeH5wl8KZB1hW2M8GuuZdzIOKJ] Failed:     App\Notifications\AlerteNotification
[2022-12-02 18:43:05][bCdp0jRZlYbWqACcK77DqVWOTGWzy0Kx] Processing: App\Notifications\AlerteNotification
[2022-12-02 18:43:05][bCdp0jRZlYbWqACcK77DqVWOTGWzy0Kx] Failed:     App\Notifications\AlerteNotification
[2022-12-02 18:43:05][DDKwu4Zpky22cNRcQK8YvajVfIt5Wa53] Processing: App\Notifications\AlerteNotification
[2022-12-02 18:43:05][DDKwu4Zpky22cNRcQK8YvajVfIt5Wa53] Failed:     App\Notifications\AlerteNotification
[2022-12-02 18:43:05][gViTeEfb9ZJvTkrTy08jTffV5jkIzqCv] Processing: App\Notifications\AlerteNotification
[2022-12-02 18:43:05][gViTeEfb9ZJvTkrTy08jTffV5jkIzqCv] Failed:     App\Notifications\AlerteNotification
[2022-12-02 18:43:05][546Ho04dzlNkB6yOj3UqdZqcaIeLjsCj] Processing: App\Notifications\AlerteNotification
[2022-12-02 18:43:05][546Ho04dzlNkB6yOj3UqdZqcaIeLjsCj] Failed:     App\Notifications\AlerteNotification
[2022-12-02 18:43:05][SHe1vsFZkuYha92KTjoHnr5LqvsNTpP3] Processing: App\Notifications\AlerteNotification
[2022-12-02 18:43:05][SHe1vsFZkuYha92KTjoHnr5LqvsNTpP3] Failed:     App\Notifications\AlerteNotification
[2022-12-02 18:43:05][fKmptRHKiqHdJl9SfN7L4zRLQrukcoyS] Processing: App\Notifications\AlerteNotification
[2022-12-02 18:43:05][fKmptRHKiqHdJl9SfN7L4zRLQrukcoyS] Failed:     App\Notifications\AlerteNotification
[2022-12-02 18:43:05][WUtnYDfCiJwAtxzwbd6J5eRAK3cLDJlw] Processing: App\Notifications\AlerteNotification
[2022-12-02 18:43:05][WUtnYDfCiJwAtxzwbd6J5eRAK3cLDJlw] Failed:     App\Notifications\AlerteNotification
[2022-12-02 18:43:05][vUYt6Joj2hLJmY8BYjZGpMhQaMR0DUZM] Processing: App\Notifications\AlerteNotification
[2022-12-02 18:43:05][vUYt6Joj2hLJmY8BYjZGpMhQaMR0DUZM] Failed:     App\Notifications\AlerteNotification
[2022-12-02 18:43:05][bMZzGIkrNH51bnqvNMyCiZaCAoLdpa7t] Processing: App\Notifications\AlerteNotification
[2022-12-02 18:43:05][bMZzGIkrNH51bnqvNMyCiZaCAoLdpa7t] Failed:     App\Notifications\AlerteNotification
[2022-12-02 18:43:05][PVwlgcYmF4874cWKVZ9tepRl470w31zi] Processing: App\Notifications\AlerteNotification
[2022-12-02 18:43:05][PVwlgcYmF4874cWKVZ9tepRl470w31zi] Failed:     App\Notifications\AlerteNotification
[2022-12-02 18:43:08][NMPKXJgjBZ4iIoCq8MwVnlmJVx1opiGQ] Processing: App\Notifications\SouscriptionAlert
[2022-12-02 18:43:08][NMPKXJgjBZ4iIoCq8MwVnlmJVx1opiGQ] Failed:     App\Notifications\SouscriptionAlert
[2022-12-02 18:43:50][Ly72xtleo7S9CrbpnDnluI93qyUp2tpC] Processing: App\Notifications\AlerteNotification
[2022-12-02 18:43:50][Ly72xtleo7S9CrbpnDnluI93qyUp2tpC] Failed:     App\Notifications\AlerteNotification
[2022-12-02 20:52:42][L7Ble5vFnZmWlqHLrxGWnNxs1clkenlZ] Processing: App\Mail\updateSetting
[2022-12-02 20:52:43][L7Ble5vFnZmWlqHLrxGWnNxs1clkenlZ] Processed:  App\Mail\updateSetting
[2022-12-02 20:57:01][Jz0XYTILY0Nk8sv7SY2dUbStwfs0cTC7] Processing: App\Mail\updateSetting
[2022-12-02 20:57:02][Jz0XYTILY0Nk8sv7SY2dUbStwfs0cTC7] Processed:  App\Mail\updateSetting
[2022-12-02 21:48:12][p4ct2AESRKFQneLH1cQeoaBVE76NzUSt] Processing: App\Notifications\AlerteNotification
[2022-12-02 21:48:13][p4ct2AESRKFQneLH1cQeoaBVE76NzUSt] Processed:  App\Notifications\AlerteNotification
[2022-12-02 21:48:13][zqd7gQiD76E0q3t9MEG35pnNxE2sFaTl] Processing: App\Notifications\AlerteNotification
[2022-12-02 21:48:13][zqd7gQiD76E0q3t9MEG35pnNxE2sFaTl] Processed:  App\Notifications\AlerteNotification
[2022-12-02 21:48:13][RKvs0Ye2vkK8SOCLSg2pk3XqP38FQqEo] Processing: App\Notifications\AlerteNotification
[2022-12-02 21:48:14][RKvs0Ye2vkK8SOCLSg2pk3XqP38FQqEo] Processed:  App\Notifications\AlerteNotification
[2022-12-02 21:48:14][LtRLGJkQgWOlgRzjDUqQhLyRm5GrAB4S] Processing: App\Notifications\AlerteNotification
[2022-12-02 21:48:14][LtRLGJkQgWOlgRzjDUqQhLyRm5GrAB4S] Processed:  App\Notifications\AlerteNotification
[2022-12-02 21:48:14][6LBSn73arDrb3AQfhCdlMIvQE1zYvwQA] Processing: App\Notifications\AlerteNotification
[2022-12-02 21:48:15][6LBSn73arDrb3AQfhCdlMIvQE1zYvwQA] Processed:  App\Notifications\AlerteNotification
[2022-12-02 21:48:15][IMEcGw2hd1N6n1PqnW1mdJJx6y7Insp0] Processing: App\Notifications\AlerteNotification
[2022-12-02 21:48:15][IMEcGw2hd1N6n1PqnW1mdJJx6y7Insp0] Processed:  App\Notifications\AlerteNotification
[2022-12-02 21:48:15][GChVRoBh6cDTZng07ryEaTCC4qCNSgzm] Processing: App\Notifications\AlerteNotification
[2022-12-02 21:48:15][GChVRoBh6cDTZng07ryEaTCC4qCNSgzm] Processed:  App\Notifications\AlerteNotification
[2022-12-02 21:48:15][IABJ8VmFpoSwtvyAlT0u2bm5Mv2HUmGZ] Processing: App\Notifications\AlerteNotification
[2022-12-02 21:48:15][IABJ8VmFpoSwtvyAlT0u2bm5Mv2HUmGZ] Processed:  App\Notifications\AlerteNotification
[2022-12-02 21:48:15][gHb9zTAKWd0qxPWWGkUuQ15Hy2ZlHdx9] Processing: App\Notifications\AlerteNotification
[2022-12-02 21:48:16][gHb9zTAKWd0qxPWWGkUuQ15Hy2ZlHdx9] Processed:  App\Notifications\AlerteNotification
[2022-12-02 21:48:16][wq52NoCoBruVqdjLiDxEV8UADQQzVFXJ] Processing: App\Notifications\AlerteNotification
[2022-12-02 21:48:16][wq52NoCoBruVqdjLiDxEV8UADQQzVFXJ] Processed:  App\Notifications\AlerteNotification
[2022-12-02 21:48:16][Lala0txT8LhKvK5QEB3rVSJcPHxGNzFp] Processing: App\Notifications\AlerteNotification
[2022-12-02 21:48:16][Lala0txT8LhKvK5QEB3rVSJcPHxGNzFp] Processed:  App\Notifications\AlerteNotification
[2022-12-02 21:48:16][Emx3z3bKn44Le59EggyAK8yKetKk05tr] Processing: App\Notifications\AlerteNotification
[2022-12-02 21:48:16][Emx3z3bKn44Le59EggyAK8yKetKk05tr] Processed:  App\Notifications\AlerteNotification
[2022-12-02 21:48:16][R3RbhXvPMUsVrZx0xEs3QMw8CD7wGtdz] Processing: App\Notifications\AlerteNotification
[2022-12-02 21:48:17][R3RbhXvPMUsVrZx0xEs3QMw8CD7wGtdz] Processed:  App\Notifications\AlerteNotification
[2022-12-02 21:48:17][vtCgoWaJ8DJMpsGWQk7o92nnSvCQujle] Processing: App\Notifications\AlerteNotification
[2022-12-02 21:48:17][vtCgoWaJ8DJMpsGWQk7o92nnSvCQujle] Processed:  App\Notifications\AlerteNotification
[2022-12-02 21:48:17][ngwbvbs0mjP7tJjjhc3pMdurAHR23cYb] Processing: App\Notifications\AlerteNotification
[2022-12-02 21:48:18][ngwbvbs0mjP7tJjjhc3pMdurAHR23cYb] Processed:  App\Notifications\AlerteNotification
[2022-12-02 21:48:18][F3hnHhhtoRCRFWUno5naSo2jjEoowpFE] Processing: App\Notifications\AlerteNotification
[2022-12-02 21:48:18][F3hnHhhtoRCRFWUno5naSo2jjEoowpFE] Processed:  App\Notifications\AlerteNotification
[2022-12-02 21:48:18][emJOLTrVUyYBg0cDye3nWC1u1zowGZNm] Processing: App\Notifications\AlerteNotification
[2022-12-02 21:48:18][emJOLTrVUyYBg0cDye3nWC1u1zowGZNm] Processed:  App\Notifications\AlerteNotification
[2022-12-02 21:48:18][BQ3qZEnn414duFUQ6wPkmzfLd071k5Zl] Processing: App\Notifications\AlerteNotification
[2022-12-02 21:48:18][BQ3qZEnn414duFUQ6wPkmzfLd071k5Zl] Processed:  App\Notifications\AlerteNotification
[2022-12-02 21:48:18][xbYYA5vvNLCYoOUVhd0DKF8nAx0uOPgX] Processing: App\Notifications\AlerteNotification
[2022-12-02 21:48:19][xbYYA5vvNLCYoOUVhd0DKF8nAx0uOPgX] Processed:  App\Notifications\AlerteNotification
[2022-12-02 21:48:19][V9aC9UsUaPf353bAut89eIj9T10W2n4u] Processing: App\Notifications\AlerteNotification
[2022-12-02 21:48:19][V9aC9UsUaPf353bAut89eIj9T10W2n4u] Processed:  App\Notifications\AlerteNotification
[2022-12-02 21:48:19][TKZ77UIPouHLhwdCPXgb7vjXNKHvtp6F] Processing: App\Notifications\AlerteNotification
[2022-12-02 21:48:19][TKZ77UIPouHLhwdCPXgb7vjXNKHvtp6F] Processed:  App\Notifications\AlerteNotification
[2022-12-02 21:48:19][uwzPJKhHzY6bFZBS21PfypAJVu4R7pmy] Processing: App\Notifications\AlerteNotification
[2022-12-02 21:48:20][uwzPJKhHzY6bFZBS21PfypAJVu4R7pmy] Processed:  App\Notifications\AlerteNotification
[2022-12-02 21:48:20][c5AS97Ubm90jRngt8K3I8TsKhPd7tNVV] Processing: App\Notifications\AlerteNotification
[2022-12-02 21:48:20][c5AS97Ubm90jRngt8K3I8TsKhPd7tNVV] Processed:  App\Notifications\AlerteNotification
[2022-12-02 21:48:20][MEpftQdnfRrb2cR70nX8xuYnUbkYL2gK] Processing: App\Notifications\AlerteNotification
[2022-12-02 21:48:20][MEpftQdnfRrb2cR70nX8xuYnUbkYL2gK] Processed:  App\Notifications\AlerteNotification
[2022-12-02 21:48:20][k0E14FnO1bRrqJv9gAsAEp7f4j0jDZP7] Processing: App\Notifications\SouscriptionAlert
[2022-12-02 21:48:20][k0E14FnO1bRrqJv9gAsAEp7f4j0jDZP7] Processed:  App\Notifications\SouscriptionAlert
[2022-12-02 21:54:27][eoT3lekeOM8cFN0P3gyZZqQb3Z4YY4Z1] Processing: App\Notifications\AlerteNotification
[2022-12-02 21:54:27][eoT3lekeOM8cFN0P3gyZZqQb3Z4YY4Z1] Processed:  App\Notifications\AlerteNotification
[2022-12-02 21:54:27][yUW02Zay4d9r9KT3xRTG999DWeOktoHQ] Processing: App\Notifications\AlerteNotification
[2022-12-02 21:54:27][yUW02Zay4d9r9KT3xRTG999DWeOktoHQ] Processed:  App\Notifications\AlerteNotification
[2022-12-02 21:54:27][NJ1EoVzVWxeqAzUp5H1pvR7QFyKa9qrf] Processing: App\Notifications\AlerteNotification
[2022-12-02 21:54:28][NJ1EoVzVWxeqAzUp5H1pvR7QFyKa9qrf] Processed:  App\Notifications\AlerteNotification
[2022-12-02 21:54:28][pRfFJvMTzViJFoQUswMswpToAQmhTjDr] Processing: App\Notifications\AlerteNotification
[2022-12-02 21:54:28][pRfFJvMTzViJFoQUswMswpToAQmhTjDr] Processed:  App\Notifications\AlerteNotification
[2022-12-02 21:54:28][fv2JkoIjhn4Go18Cc7gIjdnTFCuLQCe3] Processing: App\Notifications\AlerteNotification
[2022-12-02 21:54:29][fv2JkoIjhn4Go18Cc7gIjdnTFCuLQCe3] Processed:  App\Notifications\AlerteNotification
[2022-12-02 21:54:29][KrWlXJYEdlcTw2H6DBsPeJ2nBJJnT0V9] Processing: App\Notifications\AlerteNotification
[2022-12-02 21:54:29][KrWlXJYEdlcTw2H6DBsPeJ2nBJJnT0V9] Processed:  App\Notifications\AlerteNotification
[2022-12-02 21:54:29][cCNAMSjSNpyufaqSFkWke9jbYh1Eh5do] Processing: App\Notifications\AlerteNotification
[2022-12-02 21:54:29][cCNAMSjSNpyufaqSFkWke9jbYh1Eh5do] Processed:  App\Notifications\AlerteNotification
[2022-12-02 21:54:29][5KuHiraJKoBJqotseWHvZvC7EY7FfAYn] Processing: App\Notifications\AlerteNotification
[2022-12-02 21:54:29][5KuHiraJKoBJqotseWHvZvC7EY7FfAYn] Processed:  App\Notifications\AlerteNotification
[2022-12-02 21:54:29][OQAS0FO360RRdS08j0ei8MK1fYn5ujV5] Processing: App\Notifications\AlerteNotification
[2022-12-02 21:54:30][OQAS0FO360RRdS08j0ei8MK1fYn5ujV5] Processed:  App\Notifications\AlerteNotification
[2022-12-02 21:54:30][clGeTjxYjRrcEFt0bZ2E7fLObOwRHHrL] Processing: App\Notifications\AlerteNotification
[2022-12-02 21:54:30][clGeTjxYjRrcEFt0bZ2E7fLObOwRHHrL] Processed:  App\Notifications\AlerteNotification
[2022-12-02 21:54:30][HD0EJT045Q0KTMgZzDCeghhimzDy3edy] Processing: App\Notifications\AlerteNotification
[2022-12-02 21:54:30][HD0EJT045Q0KTMgZzDCeghhimzDy3edy] Processed:  App\Notifications\AlerteNotification
[2022-12-02 21:54:30][DA38jJcLd5MPfxYEMzssrlrY9phHz509] Processing: App\Notifications\AlerteNotification
[2022-12-02 21:54:30][DA38jJcLd5MPfxYEMzssrlrY9phHz509] Processed:  App\Notifications\AlerteNotification
[2022-12-02 21:54:30][1Pzv6lTRLAKwTM13udfukDsaV7TnBcsY] Processing: App\Notifications\AlerteNotification
[2022-12-02 21:54:31][1Pzv6lTRLAKwTM13udfukDsaV7TnBcsY] Processed:  App\Notifications\AlerteNotification
[2022-12-02 21:54:31][e1kiKhuoV6S7dQtYj4ZKYktRxi67DZpS] Processing: App\Notifications\AlerteNotification
[2022-12-02 21:54:31][e1kiKhuoV6S7dQtYj4ZKYktRxi67DZpS] Processed:  App\Notifications\AlerteNotification
[2022-12-02 21:54:31][zXNUPXb7NnKsBm7nadvk4gVt5qeEnTH6] Processing: App\Notifications\AlerteNotification
[2022-12-02 21:54:32][zXNUPXb7NnKsBm7nadvk4gVt5qeEnTH6] Processed:  App\Notifications\AlerteNotification
[2022-12-02 21:54:32][eA8LJNztx1F7kB1Gt5X9pvnloWSATW2Q] Processing: App\Notifications\AlerteNotification
[2022-12-02 21:54:32][eA8LJNztx1F7kB1Gt5X9pvnloWSATW2Q] Processed:  App\Notifications\AlerteNotification
[2022-12-02 21:54:32][JbFuVBDtkC49qNk0315ZBZADWM4Boogg] Processing: App\Notifications\AlerteNotification
[2022-12-02 21:54:32][JbFuVBDtkC49qNk0315ZBZADWM4Boogg] Processed:  App\Notifications\AlerteNotification
[2022-12-02 21:54:32][wBZIq4MSsTQ3QgeL2t9zOw5hI2HJBFSB] Processing: App\Notifications\AlerteNotification
[2022-12-02 21:54:32][wBZIq4MSsTQ3QgeL2t9zOw5hI2HJBFSB] Processed:  App\Notifications\AlerteNotification
[2022-12-02 21:54:32][PTGgi2f5lbVZVNOOGpihVrRAFwznfWqD] Processing: App\Notifications\AlerteNotification
[2022-12-02 21:54:33][PTGgi2f5lbVZVNOOGpihVrRAFwznfWqD] Processed:  App\Notifications\AlerteNotification
[2022-12-02 21:54:33][ECx1c7u4KmXwJe3PSa3OWvNLdCkx2mGu] Processing: App\Notifications\AlerteNotification
[2022-12-02 21:54:33][ECx1c7u4KmXwJe3PSa3OWvNLdCkx2mGu] Processed:  App\Notifications\AlerteNotification
[2022-12-02 21:54:33][ahf8au4jZlQPNplGxOtOIm9zmoKBO95E] Processing: App\Notifications\AlerteNotification
[2022-12-02 21:54:34][ahf8au4jZlQPNplGxOtOIm9zmoKBO95E] Processed:  App\Notifications\AlerteNotification
[2022-12-02 21:54:34][GaptHP4f04zmPBizu0tdYwVKGXkgC5xX] Processing: App\Notifications\AlerteNotification
[2022-12-02 21:54:34][GaptHP4f04zmPBizu0tdYwVKGXkgC5xX] Processed:  App\Notifications\AlerteNotification
[2022-12-02 21:54:34][o7Ou2S6CUUQdF7l6CS5GaTPzH9EJ0FxO] Processing: App\Notifications\AlerteNotification
[2022-12-02 21:54:34][o7Ou2S6CUUQdF7l6CS5GaTPzH9EJ0FxO] Processed:  App\Notifications\AlerteNotification
[2022-12-02 21:54:34][XvNhayVyfCS4IaPM8QzxcQ5dvGGr3uQa] Processing: App\Notifications\AlerteNotification
[2022-12-02 21:54:34][XvNhayVyfCS4IaPM8QzxcQ5dvGGr3uQa] Processed:  App\Notifications\AlerteNotification
[2022-12-02 21:54:34][VEQFfcFWYWU8LYC9KflBztnh9j1lz2c7] Processing: App\Notifications\SouscriptionAlert
[2022-12-02 21:54:35][VEQFfcFWYWU8LYC9KflBztnh9j1lz2c7] Processed:  App\Notifications\SouscriptionAlert
[2022-12-02 21:57:14][jgD073OC12eVzaQoQdxkLOsQFZT8ZYMr] Processing: App\Notifications\AlerteNotification
[2022-12-02 21:57:14][jgD073OC12eVzaQoQdxkLOsQFZT8ZYMr] Processed:  App\Notifications\AlerteNotification
[2022-12-02 21:57:14][zbuUnlzqeLvJPHmAIFtwBWnUvtME0n6k] Processing: App\Notifications\AlerteNotification
[2022-12-02 21:57:14][zbuUnlzqeLvJPHmAIFtwBWnUvtME0n6k] Processed:  App\Notifications\AlerteNotification
[2022-12-02 21:57:14][1HZhevB41TsZPCxmMPtXvFTScxoxdIzF] Processing: App\Notifications\AlerteNotification
[2022-12-02 21:57:15][1HZhevB41TsZPCxmMPtXvFTScxoxdIzF] Processed:  App\Notifications\AlerteNotification
[2022-12-02 21:57:15][5hZ1Nc3KOC8YliOxVC5W3wDVmXkcF2sg] Processing: App\Notifications\AlerteNotification
[2022-12-02 21:57:15][5hZ1Nc3KOC8YliOxVC5W3wDVmXkcF2sg] Processed:  App\Notifications\AlerteNotification
[2022-12-02 21:57:15][M1XbWU6g7bh95yhl6jKJnqLShlmCzUd4] Processing: App\Notifications\AlerteNotification
[2022-12-02 21:57:16][M1XbWU6g7bh95yhl6jKJnqLShlmCzUd4] Processed:  App\Notifications\AlerteNotification
[2022-12-02 21:57:16][jeL0DSEKQqWtdELnwOO90HcQoW9UJiHq] Processing: App\Notifications\AlerteNotification
[2022-12-02 21:57:16][jeL0DSEKQqWtdELnwOO90HcQoW9UJiHq] Processed:  App\Notifications\AlerteNotification
[2022-12-02 21:57:16][XDQhVJEpwdJx7E9prEMLqNioakFGUqIz] Processing: App\Notifications\AlerteNotification
[2022-12-02 21:57:16][XDQhVJEpwdJx7E9prEMLqNioakFGUqIz] Processed:  App\Notifications\AlerteNotification
[2022-12-02 21:57:16][T9gwiPucybvxYkvhG3YCA9MqMZZFcmXO] Processing: App\Notifications\AlerteNotification
[2022-12-02 21:57:16][T9gwiPucybvxYkvhG3YCA9MqMZZFcmXO] Processed:  App\Notifications\AlerteNotification
[2022-12-02 21:57:16][aRRIJFshudyu6iwvTDmwuFbuneIgd6UK] Processing: App\Notifications\AlerteNotification
[2022-12-02 21:57:17][aRRIJFshudyu6iwvTDmwuFbuneIgd6UK] Processed:  App\Notifications\AlerteNotification
[2022-12-02 21:57:17][eNbDN2BTJHP8tbY05WvOOl5i53Y7cqWo] Processing: App\Notifications\AlerteNotification
[2022-12-02 21:57:17][eNbDN2BTJHP8tbY05WvOOl5i53Y7cqWo] Processed:  App\Notifications\AlerteNotification
[2022-12-02 21:57:17][0XQ8De7osSkRn7UckzNgCq64I3XCsw5Z] Processing: App\Notifications\AlerteNotification
[2022-12-02 21:57:17][0XQ8De7osSkRn7UckzNgCq64I3XCsw5Z] Processed:  App\Notifications\AlerteNotification
[2022-12-02 21:57:17][eo2KhfndTesVYgIgvqqybb4F0kdTrAr7] Processing: App\Notifications\AlerteNotification
[2022-12-02 21:57:17][eo2KhfndTesVYgIgvqqybb4F0kdTrAr7] Processed:  App\Notifications\AlerteNotification
[2022-12-02 21:57:17][SJE8JUjgLz1ZOPdUJZM83JPcfOD7gbNp] Processing: App\Notifications\AlerteNotification
[2022-12-02 21:57:18][SJE8JUjgLz1ZOPdUJZM83JPcfOD7gbNp] Processed:  App\Notifications\AlerteNotification
[2022-12-02 21:57:18][AX64PKNAiZWsO98mamLRQC8SofBcFHBx] Processing: App\Notifications\AlerteNotification
[2022-12-02 21:57:18][AX64PKNAiZWsO98mamLRQC8SofBcFHBx] Processed:  App\Notifications\AlerteNotification
[2022-12-02 21:57:18][FqdJq2YxSSLYQhNKvJab1Am6mWXfIc8b] Processing: App\Notifications\AlerteNotification
[2022-12-02 21:57:18][FqdJq2YxSSLYQhNKvJab1Am6mWXfIc8b] Processed:  App\Notifications\AlerteNotification
[2022-12-02 21:57:18][sCOChpeS5r7oPNi9t2MZBqPs7mIcrJKA] Processing: App\Notifications\AlerteNotification
[2022-12-02 21:57:18][sCOChpeS5r7oPNi9t2MZBqPs7mIcrJKA] Processed:  App\Notifications\AlerteNotification
[2022-12-02 21:57:18][hpSyZo5Tls9xtkwQpgZDvp8ZR2qjfOSB] Processing: App\Notifications\AlerteNotification
[2022-12-02 21:57:19][hpSyZo5Tls9xtkwQpgZDvp8ZR2qjfOSB] Processed:  App\Notifications\AlerteNotification
[2022-12-02 21:57:19][M2kEGE9BLpyCq9wYxTISJ6Cq4220JU6L] Processing: App\Notifications\AlerteNotification
[2022-12-02 21:57:19][M2kEGE9BLpyCq9wYxTISJ6Cq4220JU6L] Processed:  App\Notifications\AlerteNotification
[2022-12-02 21:57:19][FovfK9qY3caFL9AU0uW5SeF1CwibLY7m] Processing: App\Notifications\AlerteNotification
[2022-12-02 21:57:19][FovfK9qY3caFL9AU0uW5SeF1CwibLY7m] Processed:  App\Notifications\AlerteNotification
[2022-12-02 21:57:19][zzzWCXjssaQCDCfEmCFhtfuNyFbD2ACc] Processing: App\Notifications\AlerteNotification
[2022-12-02 21:57:19][zzzWCXjssaQCDCfEmCFhtfuNyFbD2ACc] Processed:  App\Notifications\AlerteNotification
[2022-12-02 21:57:19][mhQihlzxXzIOI8z9zJUONKDrYbcCBAtF] Processing: App\Notifications\AlerteNotification
[2022-12-02 21:57:20][mhQihlzxXzIOI8z9zJUONKDrYbcCBAtF] Processed:  App\Notifications\AlerteNotification
[2022-12-02 21:57:20][Snod4bCXB1dl6MbkUTiMvaYBv3baPloR] Processing: App\Notifications\AlerteNotification
[2022-12-02 21:57:20][Snod4bCXB1dl6MbkUTiMvaYBv3baPloR] Processed:  App\Notifications\AlerteNotification
[2022-12-02 21:57:20][y8ZQJdfTM9wnoQJrXEMsJ61LLxjrPVlk] Processing: App\Notifications\AlerteNotification
[2022-12-02 21:57:21][y8ZQJdfTM9wnoQJrXEMsJ61LLxjrPVlk] Processed:  App\Notifications\AlerteNotification
[2022-12-02 21:57:21][6h8LPq2nh2g8a2iMKh91KkV8Q8uYTAxU] Processing: App\Notifications\AlerteNotification
[2022-12-02 21:57:21][6h8LPq2nh2g8a2iMKh91KkV8Q8uYTAxU] Processed:  App\Notifications\AlerteNotification
[2022-12-02 21:57:21][NAbz4IpL6FiOliieyGW2E1KGc8dg2hc8] Processing: App\Notifications\SouscriptionAlert
[2022-12-02 21:57:21][NAbz4IpL6FiOliieyGW2E1KGc8dg2hc8] Processed:  App\Notifications\SouscriptionAlert
[2022-12-03 09:29:45][rihGJ9wZYP6YIzVTSxjilZ0hbqFl4Co8] Processing: App\Notifications\AlerteNotification
[2022-12-03 09:29:46][rihGJ9wZYP6YIzVTSxjilZ0hbqFl4Co8] Processed:  App\Notifications\AlerteNotification
[2022-12-03 09:29:46][YNhmwNgYOUmWtJNjsr0LnFTxlyHSqBmH] Processing: App\Notifications\AlerteNotification
[2022-12-03 09:29:46][YNhmwNgYOUmWtJNjsr0LnFTxlyHSqBmH] Processed:  App\Notifications\AlerteNotification
[2022-12-03 09:29:46][z2w7HSDKKs5Uftpnh08ekV3exqXD2pTg] Processing: App\Notifications\AlerteNotification
[2022-12-03 09:29:46][z2w7HSDKKs5Uftpnh08ekV3exqXD2pTg] Processed:  App\Notifications\AlerteNotification
[2022-12-03 09:29:46][lrfjwYVLL7qhfCuDtDIjMbJcWC3E9vmV] Processing: App\Notifications\AlerteNotification
[2022-12-03 09:29:46][lrfjwYVLL7qhfCuDtDIjMbJcWC3E9vmV] Processed:  App\Notifications\AlerteNotification
[2022-12-03 09:29:46][ndRKaCfK2jAJKHfAtb8Fc3ekOdKGBoUz] Processing: App\Notifications\AlerteNotification
[2022-12-03 09:29:47][ndRKaCfK2jAJKHfAtb8Fc3ekOdKGBoUz] Processed:  App\Notifications\AlerteNotification
[2022-12-03 09:29:47][YopIj14TVRu3ZXO4jLJqFAGg8hxzqswn] Processing: App\Notifications\AlerteNotification
[2022-12-03 09:29:47][YopIj14TVRu3ZXO4jLJqFAGg8hxzqswn] Processed:  App\Notifications\AlerteNotification
[2022-12-03 09:29:47][dosEJQEDOVMdDuoOeBkdGHl1l9EvAA05] Processing: App\Notifications\AlerteNotification
[2022-12-03 09:29:47][dosEJQEDOVMdDuoOeBkdGHl1l9EvAA05] Processed:  App\Notifications\AlerteNotification
[2022-12-03 09:29:47][J8yJXXtQ9txrKMgAagMNo6XOpfHnyvUH] Processing: App\Notifications\AlerteNotification
[2022-12-03 09:29:47][J8yJXXtQ9txrKMgAagMNo6XOpfHnyvUH] Processed:  App\Notifications\AlerteNotification
[2022-12-03 09:29:47][L4A2QuvqRRfv9C3wSpcgec8Ha2AfUUPT] Processing: App\Notifications\AlerteNotification
[2022-12-03 09:29:48][L4A2QuvqRRfv9C3wSpcgec8Ha2AfUUPT] Processed:  App\Notifications\AlerteNotification
[2022-12-03 09:29:48][8MaaRhGgml3amoIXqglmkbUh2NFh2IuM] Processing: App\Notifications\AlerteNotification
[2022-12-03 09:29:48][8MaaRhGgml3amoIXqglmkbUh2NFh2IuM] Processed:  App\Notifications\AlerteNotification
[2022-12-03 09:29:48][19QWe34lJ8s0EaYlbLvVE3aWZdkGVZ1M] Processing: App\Notifications\AlerteNotification
[2022-12-03 09:29:49][19QWe34lJ8s0EaYlbLvVE3aWZdkGVZ1M] Processed:  App\Notifications\AlerteNotification
[2022-12-03 09:29:49][3I6kufh87HqGnUeHAlnIKREBnciYxwxL] Processing: App\Notifications\AlerteNotification
[2022-12-03 09:29:49][3I6kufh87HqGnUeHAlnIKREBnciYxwxL] Processed:  App\Notifications\AlerteNotification
[2022-12-03 09:29:49][nu81QHisCY8NJYPBjpHvsMx70zVr5aBC] Processing: App\Notifications\AlerteNotification
[2022-12-03 09:29:49][nu81QHisCY8NJYPBjpHvsMx70zVr5aBC] Processed:  App\Notifications\AlerteNotification
[2022-12-03 09:29:49][oWu7rOAKBnewxuP9OZv9YNJHxZYbP3iB] Processing: App\Notifications\AlerteNotification
[2022-12-03 09:29:49][oWu7rOAKBnewxuP9OZv9YNJHxZYbP3iB] Processed:  App\Notifications\AlerteNotification
[2022-12-03 09:29:49][TNgWeY0Cg0IK1EVYY7enaNKPQT6LsPGB] Processing: App\Notifications\AlerteNotification
[2022-12-03 09:29:50][TNgWeY0Cg0IK1EVYY7enaNKPQT6LsPGB] Processed:  App\Notifications\AlerteNotification
[2022-12-03 09:29:50][VCvAnhqQDu2GOq94X6V0HHhMbCD672Zb] Processing: App\Notifications\AlerteNotification
[2022-12-03 09:29:50][VCvAnhqQDu2GOq94X6V0HHhMbCD672Zb] Processed:  App\Notifications\AlerteNotification
[2022-12-03 09:29:50][08kI9eVUReuOjapbQoLBwf0oVTHHDxTa] Processing: App\Notifications\AlerteNotification
[2022-12-03 09:29:51][08kI9eVUReuOjapbQoLBwf0oVTHHDxTa] Processed:  App\Notifications\AlerteNotification
[2022-12-03 09:29:51][HraQEh8kcHCLmReH2wSwtkGnh8CvediC] Processing: App\Notifications\AlerteNotification
[2022-12-03 09:29:51][HraQEh8kcHCLmReH2wSwtkGnh8CvediC] Processed:  App\Notifications\AlerteNotification
[2022-12-03 09:29:51][wiQbfxwl7z4CJn1P0uXPjkytCNXpYk9j] Processing: App\Notifications\AlerteNotification
[2022-12-03 09:29:51][wiQbfxwl7z4CJn1P0uXPjkytCNXpYk9j] Processed:  App\Notifications\AlerteNotification
[2022-12-03 09:29:51][xm0ri6plZKNoxOjNoWMSWU5eFFmj6AL2] Processing: App\Notifications\AlerteNotification
[2022-12-03 09:29:51][xm0ri6plZKNoxOjNoWMSWU5eFFmj6AL2] Processed:  App\Notifications\AlerteNotification
[2022-12-03 09:29:51][BW3RDfuYxgTHCEptF7mZoRWdYyeZRV5D] Processing: App\Notifications\AlerteNotification
[2022-12-03 09:29:52][BW3RDfuYxgTHCEptF7mZoRWdYyeZRV5D] Processed:  App\Notifications\AlerteNotification
[2022-12-03 09:29:52][QCpr2vjaCWPC64qlUfE2tlfQgViga52W] Processing: App\Notifications\AlerteNotification
[2022-12-03 09:29:52][QCpr2vjaCWPC64qlUfE2tlfQgViga52W] Processed:  App\Notifications\AlerteNotification
[2022-12-03 09:29:52][PR5cJpSZC9U3O31c0h6Q7B9o1GAc7JFF] Processing: App\Notifications\AlerteNotification
[2022-12-03 09:29:53][PR5cJpSZC9U3O31c0h6Q7B9o1GAc7JFF] Processed:  App\Notifications\AlerteNotification
[2022-12-03 09:29:53][R6l2stAs1YR8OLpbkBC4jlfV0p6JqxI3] Processing: App\Notifications\AlerteNotification
[2022-12-03 09:29:53][R6l2stAs1YR8OLpbkBC4jlfV0p6JqxI3] Processed:  App\Notifications\AlerteNotification
[2022-12-03 09:29:53][bkdPehLOqBRDCJ9Q6n3htkMed3aXZp4w] Processing: App\Notifications\SouscriptionAlert
[2022-12-03 09:29:53][bkdPehLOqBRDCJ9Q6n3htkMed3aXZp4w] Processed:  App\Notifications\SouscriptionAlert
[2022-12-03 09:32:26][1lmIDxMvOnZc0s8Y3qudIRp2xFo5jkUY] Processing: App\Notifications\AlerteNotification
[2022-12-03 09:32:27][1lmIDxMvOnZc0s8Y3qudIRp2xFo5jkUY] Processed:  App\Notifications\AlerteNotification
[2022-12-03 09:32:27][gfnQvGjheA3R31ztS3ekvxXUFXZwQt1f] Processing: App\Notifications\AlerteNotification
[2022-12-03 09:32:27][gfnQvGjheA3R31ztS3ekvxXUFXZwQt1f] Processed:  App\Notifications\AlerteNotification
[2022-12-03 09:32:27][7RFcuGRKnO2Hk3SUPJ5qQ6WOxYk2xdBq] Processing: App\Notifications\AlerteNotification
[2022-12-03 09:32:27][7RFcuGRKnO2Hk3SUPJ5qQ6WOxYk2xdBq] Processed:  App\Notifications\AlerteNotification
[2022-12-03 09:32:27][f0aG1eyx2VUksoi84mNWjui93fmjLueY] Processing: App\Notifications\AlerteNotification
[2022-12-03 09:32:27][f0aG1eyx2VUksoi84mNWjui93fmjLueY] Processed:  App\Notifications\AlerteNotification
[2022-12-03 09:32:27][LM0gfIkXIITFiyxhVTK7Oaj6YWLTlM0z] Processing: App\Notifications\AlerteNotification
[2022-12-03 09:32:28][LM0gfIkXIITFiyxhVTK7Oaj6YWLTlM0z] Processed:  App\Notifications\AlerteNotification
[2022-12-03 09:32:28][lOSZSeuDmV0h8B8ZSsUKTlxFCG9wtVTa] Processing: App\Notifications\AlerteNotification
[2022-12-03 09:32:28][lOSZSeuDmV0h8B8ZSsUKTlxFCG9wtVTa] Processed:  App\Notifications\AlerteNotification
[2022-12-03 09:32:28][HIt0feKlwGQ0vqrn0XsEkvjn7VmRQHdb] Processing: App\Notifications\AlerteNotification
[2022-12-03 09:32:29][HIt0feKlwGQ0vqrn0XsEkvjn7VmRQHdb] Processed:  App\Notifications\AlerteNotification
[2022-12-03 09:32:29][LoYstxTqoruXIEB4LjWsI7r1m1JU69Do] Processing: App\Notifications\AlerteNotification
[2022-12-03 09:32:29][LoYstxTqoruXIEB4LjWsI7r1m1JU69Do] Processed:  App\Notifications\AlerteNotification
[2022-12-03 09:32:29][g9tDy9Tw4q4Mc9kLNst0hpKytDxgM42L] Processing: App\Notifications\AlerteNotification
[2022-12-03 09:32:29][g9tDy9Tw4q4Mc9kLNst0hpKytDxgM42L] Processed:  App\Notifications\AlerteNotification
[2022-12-03 09:32:29][5yZMObXGcXPUsVeFKBpzSQqlb6jKAUba] Processing: App\Notifications\AlerteNotification
[2022-12-03 09:32:29][5yZMObXGcXPUsVeFKBpzSQqlb6jKAUba] Processed:  App\Notifications\AlerteNotification
[2022-12-03 09:32:29][qJYjaGBreyLGT5INxzxbQCHUQAYyex06] Processing: App\Notifications\AlerteNotification
[2022-12-03 09:32:30][qJYjaGBreyLGT5INxzxbQCHUQAYyex06] Processed:  App\Notifications\AlerteNotification
[2022-12-03 09:32:30][azdW1cyFvgIx5e6MKvfDpw4KczADOeHj] Processing: App\Notifications\AlerteNotification
[2022-12-03 09:32:30][azdW1cyFvgIx5e6MKvfDpw4KczADOeHj] Processed:  App\Notifications\AlerteNotification
[2022-12-03 09:32:30][42nLtvqggsYC8aidRbOUtqRHjhmIZWtc] Processing: App\Notifications\AlerteNotification
[2022-12-03 09:32:31][42nLtvqggsYC8aidRbOUtqRHjhmIZWtc] Processed:  App\Notifications\AlerteNotification
[2022-12-03 09:32:31][Ma6qzTsKcT973zvrZHIgtt8hW3eDA91z] Processing: App\Notifications\AlerteNotification
[2022-12-03 09:32:31][Ma6qzTsKcT973zvrZHIgtt8hW3eDA91z] Processed:  App\Notifications\AlerteNotification
[2022-12-03 09:32:31][okz3Fh7Y0tdgrVpOhqIPDTgQ4VcXAt3z] Processing: App\Notifications\AlerteNotification
[2022-12-03 09:32:31][okz3Fh7Y0tdgrVpOhqIPDTgQ4VcXAt3z] Processed:  App\Notifications\AlerteNotification
[2022-12-03 09:32:31][VauNZzxbFcaN7lH5pou0itE64zVdLgVB] Processing: App\Notifications\AlerteNotification
[2022-12-03 09:32:31][VauNZzxbFcaN7lH5pou0itE64zVdLgVB] Processed:  App\Notifications\AlerteNotification
[2022-12-03 09:32:31][giEgTi0YbalCJ1fQ7jY3pJlXnMyY545T] Processing: App\Notifications\AlerteNotification
[2022-12-03 09:32:32][giEgTi0YbalCJ1fQ7jY3pJlXnMyY545T] Processed:  App\Notifications\AlerteNotification
[2022-12-03 09:32:32][hQEGpdOdxjm6iT4WQco8YzcAQLY1iEko] Processing: App\Notifications\AlerteNotification
[2022-12-03 09:32:32][hQEGpdOdxjm6iT4WQco8YzcAQLY1iEko] Processed:  App\Notifications\AlerteNotification
[2022-12-03 09:32:32][XT7bdetAFW1xNp3gjbqWloodJ8LcY9xw] Processing: App\Notifications\AlerteNotification
[2022-12-03 09:32:32][XT7bdetAFW1xNp3gjbqWloodJ8LcY9xw] Processed:  App\Notifications\AlerteNotification
[2022-12-03 09:32:32][HBlghUdg51yuhkhzUwWNxbwHUFIPcDMG] Processing: App\Notifications\AlerteNotification
[2022-12-03 09:32:32][HBlghUdg51yuhkhzUwWNxbwHUFIPcDMG] Processed:  App\Notifications\AlerteNotification
[2022-12-03 09:32:32][p1KDHrHuJOp9KEoBfgSfW5zzhQGIJXmJ] Processing: App\Notifications\AlerteNotification
[2022-12-03 09:32:33][p1KDHrHuJOp9KEoBfgSfW5zzhQGIJXmJ] Processed:  App\Notifications\AlerteNotification
[2022-12-03 09:32:33][T1zyu6qjkkEC8BhlaQJXlPcolOPzvcAW] Processing: App\Notifications\AlerteNotification
[2022-12-03 09:32:33][T1zyu6qjkkEC8BhlaQJXlPcolOPzvcAW] Processed:  App\Notifications\AlerteNotification
[2022-12-03 09:32:33][2N086R0Du385LbdJqoMLutIErNAaCHbx] Processing: App\Notifications\AlerteNotification
[2022-12-03 09:32:34][2N086R0Du385LbdJqoMLutIErNAaCHbx] Processed:  App\Notifications\AlerteNotification
[2022-12-03 09:32:34][N6l1Dwtr5aogkgQX6qm7o9QMsglck6vP] Processing: App\Notifications\AlerteNotification
[2022-12-03 09:32:34][N6l1Dwtr5aogkgQX6qm7o9QMsglck6vP] Processed:  App\Notifications\AlerteNotification
[2022-12-03 09:32:34][0yx85b9G7634HiJnwz24ll2h65FzmPPC] Processing: App\Notifications\SouscriptionAlert
[2022-12-03 09:32:34][0yx85b9G7634HiJnwz24ll2h65FzmPPC] Processed:  App\Notifications\SouscriptionAlert
[2022-12-03 09:34:01][Mf6OUiQyW7jxz3YnIIq5hwdVnP7B7Afd] Processing: App\Notifications\AlerteNotification
[2022-12-03 09:34:01][Mf6OUiQyW7jxz3YnIIq5hwdVnP7B7Afd] Processed:  App\Notifications\AlerteNotification
[2022-12-03 09:34:01][FwdElidYyXYtpHa3KxVQjgUZ18krC0ju] Processing: App\Notifications\AlerteNotification
[2022-12-03 09:34:01][FwdElidYyXYtpHa3KxVQjgUZ18krC0ju] Processed:  App\Notifications\AlerteNotification
[2022-12-03 09:37:11][r7a2oXXDyfPCqzmEPtng2c3luONFjIgH] Processing: App\Notifications\AlerteNotification
[2022-12-03 09:37:11][r7a2oXXDyfPCqzmEPtng2c3luONFjIgH] Processed:  App\Notifications\AlerteNotification
[2022-12-03 09:37:11][B3t6I77arT7QWfZcxwQQ5ts3jWqhXWhB] Processing: App\Notifications\AlerteNotification
[2022-12-03 09:37:11][B3t6I77arT7QWfZcxwQQ5ts3jWqhXWhB] Processed:  App\Notifications\AlerteNotification
[2022-12-03 09:37:11][oD85LmhWL3UkSJ6DXOaGRHxS1srPkI5y] Processing: App\Notifications\AlerteNotification
[2022-12-03 09:37:12][oD85LmhWL3UkSJ6DXOaGRHxS1srPkI5y] Processed:  App\Notifications\AlerteNotification
[2022-12-03 09:37:12][N3a3IUJWU4gXDj8t6UjhYYzxjfz1wpqp] Processing: App\Notifications\AlerteNotification
[2022-12-03 09:37:12][N3a3IUJWU4gXDj8t6UjhYYzxjfz1wpqp] Processed:  App\Notifications\AlerteNotification
[2022-12-03 09:37:12][fw6J0hNE2MSSztj2ES2paM4W7IIkQsHZ] Processing: App\Notifications\AlerteNotification
[2022-12-03 09:37:12][fw6J0hNE2MSSztj2ES2paM4W7IIkQsHZ] Processed:  App\Notifications\AlerteNotification
[2022-12-03 09:37:12][jUAHlSIKb7yw9VeF2Qa4hOUVRuRgLHtN] Processing: App\Notifications\AlerteNotification
[2022-12-03 09:37:12][jUAHlSIKb7yw9VeF2Qa4hOUVRuRgLHtN] Processed:  App\Notifications\AlerteNotification
[2022-12-03 09:37:12][sKzmzKV94wpMivPimVUOqQuGLzGw8feo] Processing: App\Notifications\AlerteNotification
[2022-12-03 09:37:13][sKzmzKV94wpMivPimVUOqQuGLzGw8feo] Processed:  App\Notifications\AlerteNotification
[2022-12-03 09:37:13][dbjXGLwgsO6oKXpPKlls5yDt5XqgOBTH] Processing: App\Notifications\AlerteNotification
[2022-12-03 09:37:13][dbjXGLwgsO6oKXpPKlls5yDt5XqgOBTH] Processed:  App\Notifications\AlerteNotification
[2022-12-03 09:37:13][xL15GuWotvJrFIfh9LlSP1RGbjnyyiXh] Processing: App\Notifications\AlerteNotification
[2022-12-03 09:37:13][xL15GuWotvJrFIfh9LlSP1RGbjnyyiXh] Processed:  App\Notifications\AlerteNotification
[2022-12-03 09:37:13][KdxCDB2rykEyKGTLiROaZCCTGLD7j3xl] Processing: App\Notifications\AlerteNotification
[2022-12-03 09:37:13][KdxCDB2rykEyKGTLiROaZCCTGLD7j3xl] Processed:  App\Notifications\AlerteNotification
[2022-12-03 09:37:13][3hySVPQm5N27RtU29eh4GtH687pNCyDS] Processing: App\Notifications\AlerteNotification
[2022-12-03 09:37:14][3hySVPQm5N27RtU29eh4GtH687pNCyDS] Processed:  App\Notifications\AlerteNotification
[2022-12-03 09:37:14][fGARaBSopqPtGp1EagIwOvtFbch1TyTO] Processing: App\Notifications\AlerteNotification
[2022-12-03 09:37:14][fGARaBSopqPtGp1EagIwOvtFbch1TyTO] Processed:  App\Notifications\AlerteNotification
[2022-12-03 09:37:14][1lqvPSLanq6fqbmMkoKP2AzmSJCiWexq] Processing: App\Notifications\AlerteNotification
[2022-12-03 09:37:15][1lqvPSLanq6fqbmMkoKP2AzmSJCiWexq] Processed:  App\Notifications\AlerteNotification
[2022-12-03 09:37:15][4KDYdnJjEA28KSF86xIEfLUb4CZozZW6] Processing: App\Notifications\AlerteNotification
[2022-12-03 09:37:15][4KDYdnJjEA28KSF86xIEfLUb4CZozZW6] Processed:  App\Notifications\AlerteNotification
[2022-12-03 09:37:15][EaBHU8Tvzf3k0OebPReH88UWyODvnt67] Processing: App\Notifications\AlerteNotification
[2022-12-03 09:37:15][EaBHU8Tvzf3k0OebPReH88UWyODvnt67] Processed:  App\Notifications\AlerteNotification
[2022-12-03 09:37:15][WJeiH5IHntVF840llA0TIbtuPNwVoYwu] Processing: App\Notifications\AlerteNotification
[2022-12-03 09:37:15][WJeiH5IHntVF840llA0TIbtuPNwVoYwu] Processed:  App\Notifications\AlerteNotification
[2022-12-03 09:37:15][PN7LOsXIfmSJoqUzJ176XZVNwyeAhlXl] Processing: App\Notifications\AlerteNotification
[2022-12-03 09:37:16][PN7LOsXIfmSJoqUzJ176XZVNwyeAhlXl] Processed:  App\Notifications\AlerteNotification
[2022-12-03 09:37:16][mVTkbYYhcr6Z93ZjggufHasbNJ3sEV88] Processing: App\Notifications\AlerteNotification
[2022-12-03 09:37:16][mVTkbYYhcr6Z93ZjggufHasbNJ3sEV88] Processed:  App\Notifications\AlerteNotification
[2022-12-03 09:37:16][FF4ITNqTaR0NwkpsIXsCsHquzPmqC55Y] Processing: App\Notifications\AlerteNotification
[2022-12-03 09:37:16][FF4ITNqTaR0NwkpsIXsCsHquzPmqC55Y] Processed:  App\Notifications\AlerteNotification
[2022-12-03 09:37:16][tGEtUYwGAIK07fzSuiVYo0hcvoT8IJPg] Processing: App\Notifications\AlerteNotification
[2022-12-03 09:37:16][tGEtUYwGAIK07fzSuiVYo0hcvoT8IJPg] Processed:  App\Notifications\AlerteNotification
[2022-12-03 09:37:16][5Sk2gwcOdAb9lplVsBH5CiYXTWhNhXsh] Processing: App\Notifications\AlerteNotification
[2022-12-03 09:37:17][5Sk2gwcOdAb9lplVsBH5CiYXTWhNhXsh] Processed:  App\Notifications\AlerteNotification
[2022-12-03 09:37:17][kUgp5vmZZHhRLhewFs8itMBbCqRmEDyM] Processing: App\Notifications\AlerteNotification
[2022-12-03 09:37:17][kUgp5vmZZHhRLhewFs8itMBbCqRmEDyM] Processed:  App\Notifications\AlerteNotification
[2022-12-03 09:37:17][zTsotbkzdfcQfdURKTflcDPPSplmcsIL] Processing: App\Notifications\AlerteNotification
[2022-12-03 09:37:18][zTsotbkzdfcQfdURKTflcDPPSplmcsIL] Processed:  App\Notifications\AlerteNotification
[2022-12-03 09:37:18][QeGRyUWWhY6T7fzikNzgimIibCe1vgk9] Processing: App\Notifications\AlerteNotification
[2022-12-03 09:37:18][QeGRyUWWhY6T7fzikNzgimIibCe1vgk9] Processed:  App\Notifications\AlerteNotification
[2022-12-03 09:37:18][FcW45X60OJKzH0cu9GXVhuyCx3JAMmkX] Processing: App\Notifications\SouscriptionAlert
[2022-12-03 09:37:18][FcW45X60OJKzH0cu9GXVhuyCx3JAMmkX] Processed:  App\Notifications\SouscriptionAlert
[2022-12-03 09:37:18][cMkYc56gHgLz0oqAVahQlOCtzeI2AFi9] Processing: App\Notifications\AlerteNotification
[2022-12-03 09:37:19][cMkYc56gHgLz0oqAVahQlOCtzeI2AFi9] Processed:  App\Notifications\AlerteNotification
[2022-12-03 09:37:19][j5P6tZrLnXbyU0mpsKo4lpX8HAN3zGpO] Processing: App\Notifications\AlerteNotification
[2022-12-03 09:37:19][j5P6tZrLnXbyU0mpsKo4lpX8HAN3zGpO] Processed:  App\Notifications\AlerteNotification
[2022-12-03 09:37:19][VE0sXjvKrwj1Lr061loEavy4k6iHSftK] Processing: App\Notifications\AlerteNotification
[2022-12-03 09:37:19][VE0sXjvKrwj1Lr061loEavy4k6iHSftK] Processed:  App\Notifications\AlerteNotification
[2022-12-03 09:37:19][kd3V2p8CoDdVJyZrVd6oYd6JtZrRc4C3] Processing: App\Notifications\AlerteNotification
[2022-12-03 09:37:20][kd3V2p8CoDdVJyZrVd6oYd6JtZrRc4C3] Processed:  App\Notifications\AlerteNotification
[2022-12-03 09:37:20][YJc3pzEMtsMNHqXLA1768YXN6DuIeOzp] Processing: App\Notifications\AlerteNotification
[2022-12-03 09:37:20][YJc3pzEMtsMNHqXLA1768YXN6DuIeOzp] Processed:  App\Notifications\AlerteNotification
[2022-12-03 09:37:20][hkIhVg9l85UeWisDGRM9zb37D8hxefnr] Processing: App\Notifications\AlerteNotification
[2022-12-03 09:37:20][hkIhVg9l85UeWisDGRM9zb37D8hxefnr] Processed:  App\Notifications\AlerteNotification
[2022-12-03 09:37:20][Azon6CIVQEJMCDQ8L8x7mqWY31noHkwB] Processing: App\Notifications\AlerteNotification
[2022-12-03 09:37:21][Azon6CIVQEJMCDQ8L8x7mqWY31noHkwB] Processed:  App\Notifications\AlerteNotification
[2022-12-03 09:37:21][lPnL0xWOB8dRaiP1dzqwOsXrgZyHp8Kh] Processing: App\Notifications\AlerteNotification
[2022-12-03 09:37:21][lPnL0xWOB8dRaiP1dzqwOsXrgZyHp8Kh] Processed:  App\Notifications\AlerteNotification
[2022-12-03 09:37:21][TOKqNNDFJgqMzvowrfqbdkdclk1hz4sw] Processing: App\Notifications\AlerteNotification
[2022-12-03 09:37:21][TOKqNNDFJgqMzvowrfqbdkdclk1hz4sw] Processed:  App\Notifications\AlerteNotification
[2022-12-03 09:37:21][QJ5BGkcbcENXWfpfPXVxuwzyfsItpBx6] Processing: App\Notifications\AlerteNotification
[2022-12-03 09:37:21][QJ5BGkcbcENXWfpfPXVxuwzyfsItpBx6] Processed:  App\Notifications\AlerteNotification
[2022-12-03 09:37:21][Px6piuhj0A31dNeRzRvrb2tXVa10z289] Processing: App\Notifications\AlerteNotification
[2022-12-03 09:37:22][Px6piuhj0A31dNeRzRvrb2tXVa10z289] Processed:  App\Notifications\AlerteNotification
[2022-12-03 09:37:22][OHIGk4fp4VjXFp8QnhOoPQwPibPPMddk] Processing: App\Notifications\AlerteNotification
[2022-12-03 09:37:22][OHIGk4fp4VjXFp8QnhOoPQwPibPPMddk] Processed:  App\Notifications\AlerteNotification
[2022-12-03 09:37:22][xWGDbu9VlPYK2I9hcSIgjuYapVqkiWXF] Processing: App\Notifications\AlerteNotification
[2022-12-03 09:37:22][xWGDbu9VlPYK2I9hcSIgjuYapVqkiWXF] Processed:  App\Notifications\AlerteNotification
[2022-12-03 09:37:22][w0I302HcIlkwTVil83a6c6Ua5hYiNept] Processing: App\Notifications\AlerteNotification
[2022-12-03 09:37:22][w0I302HcIlkwTVil83a6c6Ua5hYiNept] Processed:  App\Notifications\AlerteNotification
[2022-12-03 09:37:22][gQp4NcmxHa4sGbNzjT96CAABxDJDNZHe] Processing: App\Notifications\AlerteNotification
[2022-12-03 09:37:23][gQp4NcmxHa4sGbNzjT96CAABxDJDNZHe] Processed:  App\Notifications\AlerteNotification
[2022-12-03 09:37:23][0TxnDnuY7Upa8iYZ7iyjFHnL6U4ky4xx] Processing: App\Notifications\AlerteNotification
[2022-12-03 09:37:23][0TxnDnuY7Upa8iYZ7iyjFHnL6U4ky4xx] Processed:  App\Notifications\AlerteNotification
[2022-12-03 09:37:23][k7zd9DXGBZ4m1PWWnQfdpgVuZpkh1I7s] Processing: App\Notifications\AlerteNotification
[2022-12-03 09:37:24][k7zd9DXGBZ4m1PWWnQfdpgVuZpkh1I7s] Processed:  App\Notifications\AlerteNotification
[2022-12-03 09:37:24][ZuqSz1qwLlYspv0wcaDGucvJQd4uqxHp] Processing: App\Notifications\AlerteNotification
[2022-12-03 09:37:24][ZuqSz1qwLlYspv0wcaDGucvJQd4uqxHp] Processed:  App\Notifications\AlerteNotification
[2022-12-03 09:37:24][2uwKV9beYZJot6tN7clVGTvic3HGFok7] Processing: App\Notifications\AlerteNotification
[2022-12-03 09:37:24][2uwKV9beYZJot6tN7clVGTvic3HGFok7] Processed:  App\Notifications\AlerteNotification
[2022-12-03 09:37:24][72mJP69ynJW2xuvYoMThOFZekTGoV4Lx] Processing: App\Notifications\AlerteNotification
[2022-12-03 09:37:24][72mJP69ynJW2xuvYoMThOFZekTGoV4Lx] Processed:  App\Notifications\AlerteNotification
[2022-12-03 09:37:24][yEfQ1qC2bpEVYFm5dO6Mz8tdiedWiRj5] Processing: App\Notifications\AlerteNotification
[2022-12-03 09:37:25][yEfQ1qC2bpEVYFm5dO6Mz8tdiedWiRj5] Processed:  App\Notifications\AlerteNotification
[2022-12-03 09:37:25][h6gwCk9fh8huWizDzTXZbMKXhJ6erSZC] Processing: App\Notifications\AlerteNotification
[2022-12-03 09:37:25][h6gwCk9fh8huWizDzTXZbMKXhJ6erSZC] Processed:  App\Notifications\AlerteNotification
[2022-12-03 09:37:25][J6MFiHSrOGlrFGX0TwrJhtlHx0BlQcai] Processing: App\Notifications\AlerteNotification
[2022-12-03 09:37:25][J6MFiHSrOGlrFGX0TwrJhtlHx0BlQcai] Processed:  App\Notifications\AlerteNotification
[2022-12-03 09:37:25][E8MbJyvZWJV39D9NiCvPrsd0IIt4MFoH] Processing: App\Notifications\AlerteNotification
[2022-12-03 09:37:25][E8MbJyvZWJV39D9NiCvPrsd0IIt4MFoH] Processed:  App\Notifications\AlerteNotification
[2022-12-03 09:37:25][a7chUv3FokiMgNk1iya78TiY1z1sL05F] Processing: App\Notifications\SouscriptionAlert
[2022-12-03 09:37:25][a7chUv3FokiMgNk1iya78TiY1z1sL05F] Processed:  App\Notifications\SouscriptionAlert
