[2023-05-30 15:09:16] local.ERROR: The resource owner or authorization server denied the request. {"exception":"[object] (League\\OAuth2\\Server\\Exception\\OAuthServerException(code: 9): The resource owner or authorization server denied the request. at /home/medsur/Documents/projets/medsurlink/medicalink-app/vendor/league/oauth2-server/src/Exception/OAuthServerException.php:223)
[stacktrace]
#0 /home/medsur/Documents/projets/medsurlink/medicalink-app/vendor/league/oauth2-server/src/AuthorizationValidators/BearerTokenValidator.php(84): League\\OAuth2\\Server\\Exception\\OAuthServerException::accessDenied()
#1 /home/medsur/Documents/projets/medsurlink/medicalink-app/vendor/league/oauth2-server/src/ResourceServer.php(84): League\\OAuth2\\Server\\AuthorizationValidators\\BearerTokenValidator->validateAuthorization()
#2 /home/medsur/Documents/projets/medsurlink/medicalink-app/vendor/laravel/passport/src/Guards/TokenGuard.php(175): League\\OAuth2\\Server\\ResourceServer->validateAuthenticatedRequest()
#3 /home/medsur/Documents/projets/medsurlink/medicalink-app/vendor/laravel/passport/src/Guards/TokenGuard.php(127): Laravel\\Passport\\Guards\\TokenGuard->getPsrRequestViaBearerToken()
#4 /home/medsur/Documents/projets/medsurlink/medicalink-app/vendor/laravel/passport/src/Guards/TokenGuard.php(90): Laravel\\Passport\\Guards\\TokenGuard->authenticateViaBearerToken()
#5 /home/medsur/Documents/projets/medsurlink/medicalink-app/vendor/laravel/passport/src/PassportServiceProvider.php(275): Laravel\\Passport\\Guards\\TokenGuard->user()
#6 [internal function]: Laravel\\Passport\\PassportServiceProvider->Laravel\\Passport\\{closure}()
#7 /home/medsur/Documents/projets/medsurlink/medicalink-app/vendor/laravel/framework/src/Illuminate/Auth/RequestGuard.php(58): call_user_func()
#8 /home/medsur/Documents/projets/medsurlink/medicalink-app/vendor/laravel/framework/src/Illuminate/Auth/GuardHelpers.php(60): Illuminate\\Auth\\RequestGuard->user()
#9 /home/medsur/Documents/projets/medsurlink/medicalink-app/app/Http/Middleware/Authenticate.php(36): Illuminate\\Auth\\RequestGuard->check()
#10 /home/medsur/Documents/projets/medsurlink/medicalink-app/vendor/laravel/framework/src/Illuminate/Auth/Middleware/Authenticate.php(41): App\\Http\\Middleware\\Authenticate->authenticate()
#11 /home/medsur/Documents/projets/medsurlink/medicalink-app/vendor/laravel/framework/src/Illuminate/Pipeline/Pipeline.php(163): Illuminate\\Auth\\Middleware\\Authenticate->handle()
#12 /home/medsur/Documents/projets/medsurlink/medicalink-app/vendor/laravel/framework/src/Illuminate/Routing/Pipeline.php(53): Illuminate\\Pipeline\\Pipeline->Illuminate\\Pipeline\\{closure}()
#13 /home/medsur/Documents/projets/medsurlink/medicalink-app/vendor/laravel/framework/src/Illuminate/Routing/Middleware/ThrottleRequests.php(58): Illuminate\\Routing\\Pipeline->Illuminate\\Routing\\{closure}()
#14 /home/medsur/Documents/projets/medsurlink/medicalink-app/vendor/laravel/framework/src/Illuminate/Pipeline/Pipeline.php(163): Illuminate\\Routing\\Middleware\\ThrottleRequests->handle()
#15 /home/medsur/Documents/projets/medsurlink/medicalink-app/vendor/laravel/framework/src/Illuminate/Routing/Pipeline.php(53): Illuminate\\Pipeline\\Pipeline->Illuminate\\Pipeline\\{closure}()
#16 /home/medsur/Documents/projets/medsurlink/medicalink-app/vendor/laravel/framework/src/Illuminate/Pipeline/Pipeline.php(104): Illuminate\\Routing\\Pipeline->Illuminate\\Routing\\{closure}()
#17 /home/medsur/Documents/projets/medsurlink/medicalink-app/vendor/laravel/framework/src/Illuminate/Routing/Router.php(682): Illuminate\\Pipeline\\Pipeline->then()
#18 /home/medsur/Documents/projets/medsurlink/medicalink-app/vendor/laravel/framework/src/Illuminate/Routing/Router.php(657): Illuminate\\Routing\\Router->runRouteWithinStack()
#19 /home/medsur/Documents/projets/medsurlink/medicalink-app/vendor/laravel/framework/src/Illuminate/Routing/Router.php(623): Illuminate\\Routing\\Router->runRoute()
#20 /home/medsur/Documents/projets/medsurlink/medicalink-app/vendor/laravel/framework/src/Illuminate/Routing/Router.php(612): Illuminate\\Routing\\Router->dispatchToRoute()
#21 /home/medsur/Documents/projets/medsurlink/medicalink-app/vendor/laravel/framework/src/Illuminate/Foundation/Http/Kernel.php(176): Illuminate\\Routing\\Router->dispatch()
#22 /home/medsur/Documents/projets/medsurlink/medicalink-app/vendor/laravel/framework/src/Illuminate/Routing/Pipeline.php(30): Illuminate\\Foundation\\Http\\Kernel->Illuminate\\Foundation\\Http\\{closure}()
#23 /home/medsur/Documents/projets/medsurlink/medicalink-app/vendor/barryvdh/laravel-debugbar/src/Middleware/InjectDebugbar.php(65): Illuminate\\Routing\\Pipeline->Illuminate\\Routing\\{closure}()
#24 /home/medsur/Documents/projets/medsurlink/medicalink-app/vendor/laravel/framework/src/Illuminate/Pipeline/Pipeline.php(163): Barryvdh\\Debugbar\\Middleware\\InjectDebugbar->handle()
#25 /home/medsur/Documents/projets/medsurlink/medicalink-app/vendor/laravel/framework/src/Illuminate/Routing/Pipeline.php(53): Illuminate\\Pipeline\\Pipeline->Illuminate\\Pipeline\\{closure}()
#26 /home/medsur/Documents/projets/medsurlink/medicalink-app/vendor/fideloper/proxy/src/TrustProxies.php(57): Illuminate\\Routing\\Pipeline->Illuminate\\Routing\\{closure}()
#27 /home/medsur/Documents/projets/medsurlink/medicalink-app/vendor/laravel/framework/src/Illuminate/Pipeline/Pipeline.php(163): Fideloper\\Proxy\\TrustProxies->handle()
#28 /home/medsur/Documents/projets/medsurlink/medicalink-app/vendor/laravel/framework/src/Illuminate/Routing/Pipeline.php(53): Illuminate\\Pipeline\\Pipeline->Illuminate\\Pipeline\\{closure}()
#29 /home/medsur/Documents/projets/medsurlink/medicalink-app/vendor/laravel/framework/src/Illuminate/Foundation/Http/Middleware/TransformsRequest.php(21): Illuminate\\Routing\\Pipeline->Illuminate\\Routing\\{closure}()
#30 /home/medsur/Documents/projets/medsurlink/medicalink-app/vendor/laravel/framework/src/Illuminate/Pipeline/Pipeline.php(163): Illuminate\\Foundation\\Http\\Middleware\\TransformsRequest->handle()
#31 /home/medsur/Documents/projets/medsurlink/medicalink-app/vendor/laravel/framework/src/Illuminate/Routing/Pipeline.php(53): Illuminate\\Pipeline\\Pipeline->Illuminate\\Pipeline\\{closure}()
#32 /home/medsur/Documents/projets/medsurlink/medicalink-app/vendor/laravel/framework/src/Illuminate/Foundation/Http/Middleware/TransformsRequest.php(21): Illuminate\\Routing\\Pipeline->Illuminate\\Routing\\{closure}()
#33 /home/medsur/Documents/projets/medsurlink/medicalink-app/vendor/laravel/framework/src/Illuminate/Pipeline/Pipeline.php(163): Illuminate\\Foundation\\Http\\Middleware\\TransformsRequest->handle()
#34 /home/medsur/Documents/projets/medsurlink/medicalink-app/vendor/laravel/framework/src/Illuminate/Routing/Pipeline.php(53): Illuminate\\Pipeline\\Pipeline->Illuminate\\Pipeline\\{closure}()
#35 /home/medsur/Documents/projets/medsurlink/medicalink-app/vendor/laravel/framework/src/Illuminate/Foundation/Http/Middleware/ValidatePostSize.php(27): Illuminate\\Routing\\Pipeline->Illuminate\\Routing\\{closure}()
#36 /home/medsur/Documents/projets/medsurlink/medicalink-app/vendor/laravel/framework/src/Illuminate/Pipeline/Pipeline.php(163): Illuminate\\Foundation\\Http\\Middleware\\ValidatePostSize->handle()
#37 /home/medsur/Documents/projets/medsurlink/medicalink-app/vendor/laravel/framework/src/Illuminate/Routing/Pipeline.php(53): Illuminate\\Pipeline\\Pipeline->Illuminate\\Pipeline\\{closure}()
#38 /home/medsur/Documents/projets/medsurlink/medicalink-app/vendor/laravel/framework/src/Illuminate/Foundation/Http/Middleware/CheckForMaintenanceMode.php(62): Illuminate\\Routing\\Pipeline->Illuminate\\Routing\\{closure}()
#39 /home/medsur/Documents/projets/medsurlink/medicalink-app/vendor/laravel/framework/src/Illuminate/Pipeline/Pipeline.php(163): Illuminate\\Foundation\\Http\\Middleware\\CheckForMaintenanceMode->handle()
#40 /home/medsur/Documents/projets/medsurlink/medicalink-app/vendor/laravel/framework/src/Illuminate/Routing/Pipeline.php(53): Illuminate\\Pipeline\\Pipeline->Illuminate\\Pipeline\\{closure}()
#41 /home/medsur/Documents/projets/medsurlink/medicalink-app/vendor/laravel/framework/src/Illuminate/Pipeline/Pipeline.php(104): Illuminate\\Routing\\Pipeline->Illuminate\\Routing\\{closure}()
#42 /home/medsur/Documents/projets/medsurlink/medicalink-app/vendor/laravel/framework/src/Illuminate/Foundation/Http/Kernel.php(151): Illuminate\\Pipeline\\Pipeline->then()
#43 /home/medsur/Documents/projets/medsurlink/medicalink-app/vendor/laravel/framework/src/Illuminate/Foundation/Http/Kernel.php(116): Illuminate\\Foundation\\Http\\Kernel->sendRequestThroughRouter()
#44 /home/medsur/Documents/projets/medsurlink/medicalink-app/public/index.php(55): Illuminate\\Foundation\\Http\\Kernel->handle()
#45 /home/medsur/Documents/projets/medsurlink/medicalink-app/server.php(21): require_once('/home/medsur/Do...')
#46 {main}
"} 
[2023-05-30 15:10:34] local.ERROR: The resource owner or authorization server denied the request. {"exception":"[object] (League\\OAuth2\\Server\\Exception\\OAuthServerException(code: 9): The resource owner or authorization server denied the request. at /home/medsur/Documents/projets/medsurlink/medicalink-app/vendor/league/oauth2-server/src/Exception/OAuthServerException.php:223, Illuminate\\Database\\QueryException(code: 1045): SQLSTATE[HY000] [1045] Access denied for user 'root'@'localhost' (using password: NO) (SQL: select * from `oauth_access_tokens` where `id` = 977c3a6cad95e27738235cce2add8dd3bf451903849b7e6de7bca0ecf74c53a4c77d8280cdfbdeb7 limit 1) at /home/medsur/Documents/projets/medsurlink/medicalink-app/vendor/laravel/framework/src/Illuminate/Database/Connection.php:664, Doctrine\\DBAL\\Driver\\PDO\\Exception(code: 1045): SQLSTATE[HY000] [1045] Access denied for user 'root'@'localhost' (using password: NO) at /home/medsur/Documents/projets/medsurlink/medicalink-app/vendor/doctrine/dbal/lib/Doctrine/DBAL/Driver/PDO/Exception.php:18, PDOException(code: 1045): SQLSTATE[HY000] [1045] Access denied for user 'root'@'localhost' (using password: NO) at /home/medsur/Documents/projets/medsurlink/medicalink-app/vendor/doctrine/dbal/lib/Doctrine/DBAL/Driver/PDOConnection.php:40)
[stacktrace]
#0 /home/medsur/Documents/projets/medsurlink/medicalink-app/vendor/league/oauth2-server/src/AuthorizationValidators/BearerTokenValidator.php(103): League\\OAuth2\\Server\\Exception\\OAuthServerException::accessDenied()
#1 /home/medsur/Documents/projets/medsurlink/medicalink-app/vendor/league/oauth2-server/src/ResourceServer.php(84): League\\OAuth2\\Server\\AuthorizationValidators\\BearerTokenValidator->validateAuthorization()
#2 /home/medsur/Documents/projets/medsurlink/medicalink-app/vendor/laravel/passport/src/Guards/TokenGuard.php(175): League\\OAuth2\\Server\\ResourceServer->validateAuthenticatedRequest()
#3 /home/medsur/Documents/projets/medsurlink/medicalink-app/vendor/laravel/passport/src/Guards/TokenGuard.php(127): Laravel\\Passport\\Guards\\TokenGuard->getPsrRequestViaBearerToken()
#4 /home/medsur/Documents/projets/medsurlink/medicalink-app/vendor/laravel/passport/src/Guards/TokenGuard.php(90): Laravel\\Passport\\Guards\\TokenGuard->authenticateViaBearerToken()
#5 /home/medsur/Documents/projets/medsurlink/medicalink-app/vendor/laravel/passport/src/PassportServiceProvider.php(275): Laravel\\Passport\\Guards\\TokenGuard->user()
#6 [internal function]: Laravel\\Passport\\PassportServiceProvider->Laravel\\Passport\\{closure}()
#7 /home/medsur/Documents/projets/medsurlink/medicalink-app/vendor/laravel/framework/src/Illuminate/Auth/RequestGuard.php(58): call_user_func()
#8 /home/medsur/Documents/projets/medsurlink/medicalink-app/vendor/laravel/framework/src/Illuminate/Auth/GuardHelpers.php(60): Illuminate\\Auth\\RequestGuard->user()
#9 /home/medsur/Documents/projets/medsurlink/medicalink-app/app/Http/Middleware/Authenticate.php(36): Illuminate\\Auth\\RequestGuard->check()
#10 /home/medsur/Documents/projets/medsurlink/medicalink-app/vendor/laravel/framework/src/Illuminate/Auth/Middleware/Authenticate.php(41): App\\Http\\Middleware\\Authenticate->authenticate()
#11 /home/medsur/Documents/projets/medsurlink/medicalink-app/vendor/laravel/framework/src/Illuminate/Pipeline/Pipeline.php(163): Illuminate\\Auth\\Middleware\\Authenticate->handle()
#12 /home/medsur/Documents/projets/medsurlink/medicalink-app/vendor/laravel/framework/src/Illuminate/Routing/Pipeline.php(53): Illuminate\\Pipeline\\Pipeline->Illuminate\\Pipeline\\{closure}()
#13 /home/medsur/Documents/projets/medsurlink/medicalink-app/vendor/laravel/framework/src/Illuminate/Routing/Middleware/ThrottleRequests.php(58): Illuminate\\Routing\\Pipeline->Illuminate\\Routing\\{closure}()
#14 /home/medsur/Documents/projets/medsurlink/medicalink-app/vendor/laravel/framework/src/Illuminate/Pipeline/Pipeline.php(163): Illuminate\\Routing\\Middleware\\ThrottleRequests->handle()
#15 /home/medsur/Documents/projets/medsurlink/medicalink-app/vendor/laravel/framework/src/Illuminate/Routing/Pipeline.php(53): Illuminate\\Pipeline\\Pipeline->Illuminate\\Pipeline\\{closure}()
#16 /home/medsur/Documents/projets/medsurlink/medicalink-app/vendor/laravel/framework/src/Illuminate/Pipeline/Pipeline.php(104): Illuminate\\Routing\\Pipeline->Illuminate\\Routing\\{closure}()
#17 /home/medsur/Documents/projets/medsurlink/medicalink-app/vendor/laravel/framework/src/Illuminate/Routing/Router.php(682): Illuminate\\Pipeline\\Pipeline->then()
#18 /home/medsur/Documents/projets/medsurlink/medicalink-app/vendor/laravel/framework/src/Illuminate/Routing/Router.php(657): Illuminate\\Routing\\Router->runRouteWithinStack()
#19 /home/medsur/Documents/projets/medsurlink/medicalink-app/vendor/laravel/framework/src/Illuminate/Routing/Router.php(623): Illuminate\\Routing\\Router->runRoute()
#20 /home/medsur/Documents/projets/medsurlink/medicalink-app/vendor/laravel/framework/src/Illuminate/Routing/Router.php(612): Illuminate\\Routing\\Router->dispatchToRoute()
#21 /home/medsur/Documents/projets/medsurlink/medicalink-app/vendor/laravel/framework/src/Illuminate/Foundation/Http/Kernel.php(176): Illuminate\\Routing\\Router->dispatch()
#22 /home/medsur/Documents/projets/medsurlink/medicalink-app/vendor/laravel/framework/src/Illuminate/Routing/Pipeline.php(30): Illuminate\\Foundation\\Http\\Kernel->Illuminate\\Foundation\\Http\\{closure}()
#23 /home/medsur/Documents/projets/medsurlink/medicalink-app/vendor/barryvdh/laravel-debugbar/src/Middleware/InjectDebugbar.php(65): Illuminate\\Routing\\Pipeline->Illuminate\\Routing\\{closure}()
#24 /home/medsur/Documents/projets/medsurlink/medicalink-app/vendor/laravel/framework/src/Illuminate/Pipeline/Pipeline.php(163): Barryvdh\\Debugbar\\Middleware\\InjectDebugbar->handle()
#25 /home/medsur/Documents/projets/medsurlink/medicalink-app/vendor/laravel/framework/src/Illuminate/Routing/Pipeline.php(53): Illuminate\\Pipeline\\Pipeline->Illuminate\\Pipeline\\{closure}()
#26 /home/medsur/Documents/projets/medsurlink/medicalink-app/vendor/fideloper/proxy/src/TrustProxies.php(57): Illuminate\\Routing\\Pipeline->Illuminate\\Routing\\{closure}()
#27 /home/medsur/Documents/projets/medsurlink/medicalink-app/vendor/laravel/framework/src/Illuminate/Pipeline/Pipeline.php(163): Fideloper\\Proxy\\TrustProxies->handle()
#28 /home/medsur/Documents/projets/medsurlink/medicalink-app/vendor/laravel/framework/src/Illuminate/Routing/Pipeline.php(53): Illuminate\\Pipeline\\Pipeline->Illuminate\\Pipeline\\{closure}()
#29 /home/medsur/Documents/projets/medsurlink/medicalink-app/vendor/laravel/framework/src/Illuminate/Foundation/Http/Middleware/TransformsRequest.php(21): Illuminate\\Routing\\Pipeline->Illuminate\\Routing\\{closure}()
#30 /home/medsur/Documents/projets/medsurlink/medicalink-app/vendor/laravel/framework/src/Illuminate/Pipeline/Pipeline.php(163): Illuminate\\Foundation\\Http\\Middleware\\TransformsRequest->handle()
#31 /home/medsur/Documents/projets/medsurlink/medicalink-app/vendor/laravel/framework/src/Illuminate/Routing/Pipeline.php(53): Illuminate\\Pipeline\\Pipeline->Illuminate\\Pipeline\\{closure}()
#32 /home/medsur/Documents/projets/medsurlink/medicalink-app/vendor/laravel/framework/src/Illuminate/Foundation/Http/Middleware/TransformsRequest.php(21): Illuminate\\Routing\\Pipeline->Illuminate\\Routing\\{closure}()
#33 /home/medsur/Documents/projets/medsurlink/medicalink-app/vendor/laravel/framework/src/Illuminate/Pipeline/Pipeline.php(163): Illuminate\\Foundation\\Http\\Middleware\\TransformsRequest->handle()
#34 /home/medsur/Documents/projets/medsurlink/medicalink-app/vendor/laravel/framework/src/Illuminate/Routing/Pipeline.php(53): Illuminate\\Pipeline\\Pipeline->Illuminate\\Pipeline\\{closure}()
#35 /home/medsur/Documents/projets/medsurlink/medicalink-app/vendor/laravel/framework/src/Illuminate/Foundation/Http/Middleware/ValidatePostSize.php(27): Illuminate\\Routing\\Pipeline->Illuminate\\Routing\\{closure}()
#36 /home/medsur/Documents/projets/medsurlink/medicalink-app/vendor/laravel/framework/src/Illuminate/Pipeline/Pipeline.php(163): Illuminate\\Foundation\\Http\\Middleware\\ValidatePostSize->handle()
#37 /home/medsur/Documents/projets/medsurlink/medicalink-app/vendor/laravel/framework/src/Illuminate/Routing/Pipeline.php(53): Illuminate\\Pipeline\\Pipeline->Illuminate\\Pipeline\\{closure}()
#38 /home/medsur/Documents/projets/medsurlink/medicalink-app/vendor/laravel/framework/src/Illuminate/Foundation/Http/Middleware/CheckForMaintenanceMode.php(62): Illuminate\\Routing\\Pipeline->Illuminate\\Routing\\{closure}()
#39 /home/medsur/Documents/projets/medsurlink/medicalink-app/vendor/laravel/framework/src/Illuminate/Pipeline/Pipeline.php(163): Illuminate\\Foundation\\Http\\Middleware\\CheckForMaintenanceMode->handle()
#40 /home/medsur/Documents/projets/medsurlink/medicalink-app/vendor/laravel/framework/src/Illuminate/Routing/Pipeline.php(53): Illuminate\\Pipeline\\Pipeline->Illuminate\\Pipeline\\{closure}()
#41 /home/medsur/Documents/projets/medsurlink/medicalink-app/vendor/laravel/framework/src/Illuminate/Pipeline/Pipeline.php(104): Illuminate\\Routing\\Pipeline->Illuminate\\Routing\\{closure}()
#42 /home/medsur/Documents/projets/medsurlink/medicalink-app/vendor/laravel/framework/src/Illuminate/Foundation/Http/Kernel.php(151): Illuminate\\Pipeline\\Pipeline->then()
#43 /home/medsur/Documents/projets/medsurlink/medicalink-app/vendor/laravel/framework/src/Illuminate/Foundation/Http/Kernel.php(116): Illuminate\\Foundation\\Http\\Kernel->sendRequestThroughRouter()
#44 /home/medsur/Documents/projets/medsurlink/medicalink-app/public/index.php(55): Illuminate\\Foundation\\Http\\Kernel->handle()
#45 /home/medsur/Documents/projets/medsurlink/medicalink-app/server.php(21): require_once('/home/medsur/Do...')
#46 {main}
"} 
[2023-05-30 15:10:40] local.ERROR: The resource owner or authorization server denied the request. {"exception":"[object] (League\\OAuth2\\Server\\Exception\\OAuthServerException(code: 9): The resource owner or authorization server denied the request. at /home/medsur/Documents/projets/medsurlink/medicalink-app/vendor/league/oauth2-server/src/Exception/OAuthServerException.php:223, Illuminate\\Database\\QueryException(code: 1045): SQLSTATE[HY000] [1045] Access denied for user 'root'@'localhost' (using password: NO) (SQL: select * from `oauth_access_tokens` where `id` = 977c3a6cad95e27738235cce2add8dd3bf451903849b7e6de7bca0ecf74c53a4c77d8280cdfbdeb7 limit 1) at /home/medsur/Documents/projets/medsurlink/medicalink-app/vendor/laravel/framework/src/Illuminate/Database/Connection.php:664, Doctrine\\DBAL\\Driver\\PDO\\Exception(code: 1045): SQLSTATE[HY000] [1045] Access denied for user 'root'@'localhost' (using password: NO) at /home/medsur/Documents/projets/medsurlink/medicalink-app/vendor/doctrine/dbal/lib/Doctrine/DBAL/Driver/PDO/Exception.php:18, PDOException(code: 1045): SQLSTATE[HY000] [1045] Access denied for user 'root'@'localhost' (using password: NO) at /home/medsur/Documents/projets/medsurlink/medicalink-app/vendor/doctrine/dbal/lib/Doctrine/DBAL/Driver/PDOConnection.php:40)
[stacktrace]
#0 /home/medsur/Documents/projets/medsurlink/medicalink-app/vendor/league/oauth2-server/src/AuthorizationValidators/BearerTokenValidator.php(103): League\\OAuth2\\Server\\Exception\\OAuthServerException::accessDenied()
#1 /home/medsur/Documents/projets/medsurlink/medicalink-app/vendor/league/oauth2-server/src/ResourceServer.php(84): League\\OAuth2\\Server\\AuthorizationValidators\\BearerTokenValidator->validateAuthorization()
#2 /home/medsur/Documents/projets/medsurlink/medicalink-app/vendor/laravel/passport/src/Guards/TokenGuard.php(175): League\\OAuth2\\Server\\ResourceServer->validateAuthenticatedRequest()
#3 /home/medsur/Documents/projets/medsurlink/medicalink-app/vendor/laravel/passport/src/Guards/TokenGuard.php(127): Laravel\\Passport\\Guards\\TokenGuard->getPsrRequestViaBearerToken()
#4 /home/medsur/Documents/projets/medsurlink/medicalink-app/vendor/laravel/passport/src/Guards/TokenGuard.php(90): Laravel\\Passport\\Guards\\TokenGuard->authenticateViaBearerToken()
#5 /home/medsur/Documents/projets/medsurlink/medicalink-app/vendor/laravel/passport/src/PassportServiceProvider.php(275): Laravel\\Passport\\Guards\\TokenGuard->user()
#6 [internal function]: Laravel\\Passport\\PassportServiceProvider->Laravel\\Passport\\{closure}()
#7 /home/medsur/Documents/projets/medsurlink/medicalink-app/vendor/laravel/framework/src/Illuminate/Auth/RequestGuard.php(58): call_user_func()
#8 /home/medsur/Documents/projets/medsurlink/medicalink-app/vendor/laravel/framework/src/Illuminate/Auth/GuardHelpers.php(60): Illuminate\\Auth\\RequestGuard->user()
#9 /home/medsur/Documents/projets/medsurlink/medicalink-app/app/Http/Middleware/Authenticate.php(36): Illuminate\\Auth\\RequestGuard->check()
#10 /home/medsur/Documents/projets/medsurlink/medicalink-app/vendor/laravel/framework/src/Illuminate/Auth/Middleware/Authenticate.php(41): App\\Http\\Middleware\\Authenticate->authenticate()
#11 /home/medsur/Documents/projets/medsurlink/medicalink-app/vendor/laravel/framework/src/Illuminate/Pipeline/Pipeline.php(163): Illuminate\\Auth\\Middleware\\Authenticate->handle()
#12 /home/medsur/Documents/projets/medsurlink/medicalink-app/vendor/laravel/framework/src/Illuminate/Routing/Pipeline.php(53): Illuminate\\Pipeline\\Pipeline->Illuminate\\Pipeline\\{closure}()
#13 /home/medsur/Documents/projets/medsurlink/medicalink-app/vendor/laravel/framework/src/Illuminate/Routing/Middleware/ThrottleRequests.php(58): Illuminate\\Routing\\Pipeline->Illuminate\\Routing\\{closure}()
#14 /home/medsur/Documents/projets/medsurlink/medicalink-app/vendor/laravel/framework/src/Illuminate/Pipeline/Pipeline.php(163): Illuminate\\Routing\\Middleware\\ThrottleRequests->handle()
#15 /home/medsur/Documents/projets/medsurlink/medicalink-app/vendor/laravel/framework/src/Illuminate/Routing/Pipeline.php(53): Illuminate\\Pipeline\\Pipeline->Illuminate\\Pipeline\\{closure}()
#16 /home/medsur/Documents/projets/medsurlink/medicalink-app/vendor/laravel/framework/src/Illuminate/Pipeline/Pipeline.php(104): Illuminate\\Routing\\Pipeline->Illuminate\\Routing\\{closure}()
#17 /home/medsur/Documents/projets/medsurlink/medicalink-app/vendor/laravel/framework/src/Illuminate/Routing/Router.php(682): Illuminate\\Pipeline\\Pipeline->then()
#18 /home/medsur/Documents/projets/medsurlink/medicalink-app/vendor/laravel/framework/src/Illuminate/Routing/Router.php(657): Illuminate\\Routing\\Router->runRouteWithinStack()
#19 /home/medsur/Documents/projets/medsurlink/medicalink-app/vendor/laravel/framework/src/Illuminate/Routing/Router.php(623): Illuminate\\Routing\\Router->runRoute()
#20 /home/medsur/Documents/projets/medsurlink/medicalink-app/vendor/laravel/framework/src/Illuminate/Routing/Router.php(612): Illuminate\\Routing\\Router->dispatchToRoute()
#21 /home/medsur/Documents/projets/medsurlink/medicalink-app/vendor/laravel/framework/src/Illuminate/Foundation/Http/Kernel.php(176): Illuminate\\Routing\\Router->dispatch()
#22 /home/medsur/Documents/projets/medsurlink/medicalink-app/vendor/laravel/framework/src/Illuminate/Routing/Pipeline.php(30): Illuminate\\Foundation\\Http\\Kernel->Illuminate\\Foundation\\Http\\{closure}()
#23 /home/medsur/Documents/projets/medsurlink/medicalink-app/vendor/barryvdh/laravel-debugbar/src/Middleware/InjectDebugbar.php(65): Illuminate\\Routing\\Pipeline->Illuminate\\Routing\\{closure}()
#24 /home/medsur/Documents/projets/medsurlink/medicalink-app/vendor/laravel/framework/src/Illuminate/Pipeline/Pipeline.php(163): Barryvdh\\Debugbar\\Middleware\\InjectDebugbar->handle()
#25 /home/medsur/Documents/projets/medsurlink/medicalink-app/vendor/laravel/framework/src/Illuminate/Routing/Pipeline.php(53): Illuminate\\Pipeline\\Pipeline->Illuminate\\Pipeline\\{closure}()
#26 /home/medsur/Documents/projets/medsurlink/medicalink-app/vendor/fideloper/proxy/src/TrustProxies.php(57): Illuminate\\Routing\\Pipeline->Illuminate\\Routing\\{closure}()
#27 /home/medsur/Documents/projets/medsurlink/medicalink-app/vendor/laravel/framework/src/Illuminate/Pipeline/Pipeline.php(163): Fideloper\\Proxy\\TrustProxies->handle()
#28 /home/medsur/Documents/projets/medsurlink/medicalink-app/vendor/laravel/framework/src/Illuminate/Routing/Pipeline.php(53): Illuminate\\Pipeline\\Pipeline->Illuminate\\Pipeline\\{closure}()
#29 /home/medsur/Documents/projets/medsurlink/medicalink-app/vendor/laravel/framework/src/Illuminate/Foundation/Http/Middleware/TransformsRequest.php(21): Illuminate\\Routing\\Pipeline->Illuminate\\Routing\\{closure}()
#30 /home/medsur/Documents/projets/medsurlink/medicalink-app/vendor/laravel/framework/src/Illuminate/Pipeline/Pipeline.php(163): Illuminate\\Foundation\\Http\\Middleware\\TransformsRequest->handle()
#31 /home/medsur/Documents/projets/medsurlink/medicalink-app/vendor/laravel/framework/src/Illuminate/Routing/Pipeline.php(53): Illuminate\\Pipeline\\Pipeline->Illuminate\\Pipeline\\{closure}()
#32 /home/medsur/Documents/projets/medsurlink/medicalink-app/vendor/laravel/framework/src/Illuminate/Foundation/Http/Middleware/TransformsRequest.php(21): Illuminate\\Routing\\Pipeline->Illuminate\\Routing\\{closure}()
#33 /home/medsur/Documents/projets/medsurlink/medicalink-app/vendor/laravel/framework/src/Illuminate/Pipeline/Pipeline.php(163): Illuminate\\Foundation\\Http\\Middleware\\TransformsRequest->handle()
#34 /home/medsur/Documents/projets/medsurlink/medicalink-app/vendor/laravel/framework/src/Illuminate/Routing/Pipeline.php(53): Illuminate\\Pipeline\\Pipeline->Illuminate\\Pipeline\\{closure}()
#35 /home/medsur/Documents/projets/medsurlink/medicalink-app/vendor/laravel/framework/src/Illuminate/Foundation/Http/Middleware/ValidatePostSize.php(27): Illuminate\\Routing\\Pipeline->Illuminate\\Routing\\{closure}()
#36 /home/medsur/Documents/projets/medsurlink/medicalink-app/vendor/laravel/framework/src/Illuminate/Pipeline/Pipeline.php(163): Illuminate\\Foundation\\Http\\Middleware\\ValidatePostSize->handle()
#37 /home/medsur/Documents/projets/medsurlink/medicalink-app/vendor/laravel/framework/src/Illuminate/Routing/Pipeline.php(53): Illuminate\\Pipeline\\Pipeline->Illuminate\\Pipeline\\{closure}()
#38 /home/medsur/Documents/projets/medsurlink/medicalink-app/vendor/laravel/framework/src/Illuminate/Foundation/Http/Middleware/CheckForMaintenanceMode.php(62): Illuminate\\Routing\\Pipeline->Illuminate\\Routing\\{closure}()
#39 /home/medsur/Documents/projets/medsurlink/medicalink-app/vendor/laravel/framework/src/Illuminate/Pipeline/Pipeline.php(163): Illuminate\\Foundation\\Http\\Middleware\\CheckForMaintenanceMode->handle()
#40 /home/medsur/Documents/projets/medsurlink/medicalink-app/vendor/laravel/framework/src/Illuminate/Routing/Pipeline.php(53): Illuminate\\Pipeline\\Pipeline->Illuminate\\Pipeline\\{closure}()
#41 /home/medsur/Documents/projets/medsurlink/medicalink-app/vendor/laravel/framework/src/Illuminate/Pipeline/Pipeline.php(104): Illuminate\\Routing\\Pipeline->Illuminate\\Routing\\{closure}()
#42 /home/medsur/Documents/projets/medsurlink/medicalink-app/vendor/laravel/framework/src/Illuminate/Foundation/Http/Kernel.php(151): Illuminate\\Pipeline\\Pipeline->then()
#43 /home/medsur/Documents/projets/medsurlink/medicalink-app/vendor/laravel/framework/src/Illuminate/Foundation/Http/Kernel.php(116): Illuminate\\Foundation\\Http\\Kernel->sendRequestThroughRouter()
#44 /home/medsur/Documents/projets/medsurlink/medicalink-app/public/index.php(55): Illuminate\\Foundation\\Http\\Kernel->handle()
#45 /home/medsur/Documents/projets/medsurlink/medicalink-app/server.php(21): require_once('/home/medsur/Do...')
#46 {main}
"} 
[2023-05-30 15:10:41] local.ERROR: The resource owner or authorization server denied the request. {"exception":"[object] (League\\OAuth2\\Server\\Exception\\OAuthServerException(code: 9): The resource owner or authorization server denied the request. at /home/medsur/Documents/projets/medsurlink/medicalink-app/vendor/league/oauth2-server/src/Exception/OAuthServerException.php:223, Illuminate\\Database\\QueryException(code: 1045): SQLSTATE[HY000] [1045] Access denied for user 'root'@'localhost' (using password: NO) (SQL: select * from `oauth_access_tokens` where `id` = 977c3a6cad95e27738235cce2add8dd3bf451903849b7e6de7bca0ecf74c53a4c77d8280cdfbdeb7 limit 1) at /home/medsur/Documents/projets/medsurlink/medicalink-app/vendor/laravel/framework/src/Illuminate/Database/Connection.php:664, Doctrine\\DBAL\\Driver\\PDO\\Exception(code: 1045): SQLSTATE[HY000] [1045] Access denied for user 'root'@'localhost' (using password: NO) at /home/medsur/Documents/projets/medsurlink/medicalink-app/vendor/doctrine/dbal/lib/Doctrine/DBAL/Driver/PDO/Exception.php:18, PDOException(code: 1045): SQLSTATE[HY000] [1045] Access denied for user 'root'@'localhost' (using password: NO) at /home/medsur/Documents/projets/medsurlink/medicalink-app/vendor/doctrine/dbal/lib/Doctrine/DBAL/Driver/PDOConnection.php:40)
[stacktrace]
#0 /home/medsur/Documents/projets/medsurlink/medicalink-app/vendor/league/oauth2-server/src/AuthorizationValidators/BearerTokenValidator.php(103): League\\OAuth2\\Server\\Exception\\OAuthServerException::accessDenied()
#1 /home/medsur/Documents/projets/medsurlink/medicalink-app/vendor/league/oauth2-server/src/ResourceServer.php(84): League\\OAuth2\\Server\\AuthorizationValidators\\BearerTokenValidator->validateAuthorization()
#2 /home/medsur/Documents/projets/medsurlink/medicalink-app/vendor/laravel/passport/src/Guards/TokenGuard.php(175): League\\OAuth2\\Server\\ResourceServer->validateAuthenticatedRequest()
#3 /home/medsur/Documents/projets/medsurlink/medicalink-app/vendor/laravel/passport/src/Guards/TokenGuard.php(127): Laravel\\Passport\\Guards\\TokenGuard->getPsrRequestViaBearerToken()
#4 /home/medsur/Documents/projets/medsurlink/medicalink-app/vendor/laravel/passport/src/Guards/TokenGuard.php(90): Laravel\\Passport\\Guards\\TokenGuard->authenticateViaBearerToken()
#5 /home/medsur/Documents/projets/medsurlink/medicalink-app/vendor/laravel/passport/src/PassportServiceProvider.php(275): Laravel\\Passport\\Guards\\TokenGuard->user()
#6 [internal function]: Laravel\\Passport\\PassportServiceProvider->Laravel\\Passport\\{closure}()
#7 /home/medsur/Documents/projets/medsurlink/medicalink-app/vendor/laravel/framework/src/Illuminate/Auth/RequestGuard.php(58): call_user_func()
#8 /home/medsur/Documents/projets/medsurlink/medicalink-app/vendor/laravel/framework/src/Illuminate/Auth/GuardHelpers.php(60): Illuminate\\Auth\\RequestGuard->user()
#9 /home/medsur/Documents/projets/medsurlink/medicalink-app/app/Http/Middleware/Authenticate.php(36): Illuminate\\Auth\\RequestGuard->check()
#10 /home/medsur/Documents/projets/medsurlink/medicalink-app/vendor/laravel/framework/src/Illuminate/Auth/Middleware/Authenticate.php(41): App\\Http\\Middleware\\Authenticate->authenticate()
#11 /home/medsur/Documents/projets/medsurlink/medicalink-app/vendor/laravel/framework/src/Illuminate/Pipeline/Pipeline.php(163): Illuminate\\Auth\\Middleware\\Authenticate->handle()
#12 /home/medsur/Documents/projets/medsurlink/medicalink-app/vendor/laravel/framework/src/Illuminate/Routing/Pipeline.php(53): Illuminate\\Pipeline\\Pipeline->Illuminate\\Pipeline\\{closure}()
#13 /home/medsur/Documents/projets/medsurlink/medicalink-app/vendor/laravel/framework/src/Illuminate/Routing/Middleware/ThrottleRequests.php(58): Illuminate\\Routing\\Pipeline->Illuminate\\Routing\\{closure}()
#14 /home/medsur/Documents/projets/medsurlink/medicalink-app/vendor/laravel/framework/src/Illuminate/Pipeline/Pipeline.php(163): Illuminate\\Routing\\Middleware\\ThrottleRequests->handle()
#15 /home/medsur/Documents/projets/medsurlink/medicalink-app/vendor/laravel/framework/src/Illuminate/Routing/Pipeline.php(53): Illuminate\\Pipeline\\Pipeline->Illuminate\\Pipeline\\{closure}()
#16 /home/medsur/Documents/projets/medsurlink/medicalink-app/vendor/laravel/framework/src/Illuminate/Pipeline/Pipeline.php(104): Illuminate\\Routing\\Pipeline->Illuminate\\Routing\\{closure}()
#17 /home/medsur/Documents/projets/medsurlink/medicalink-app/vendor/laravel/framework/src/Illuminate/Routing/Router.php(682): Illuminate\\Pipeline\\Pipeline->then()
#18 /home/medsur/Documents/projets/medsurlink/medicalink-app/vendor/laravel/framework/src/Illuminate/Routing/Router.php(657): Illuminate\\Routing\\Router->runRouteWithinStack()
#19 /home/medsur/Documents/projets/medsurlink/medicalink-app/vendor/laravel/framework/src/Illuminate/Routing/Router.php(623): Illuminate\\Routing\\Router->runRoute()
#20 /home/medsur/Documents/projets/medsurlink/medicalink-app/vendor/laravel/framework/src/Illuminate/Routing/Router.php(612): Illuminate\\Routing\\Router->dispatchToRoute()
#21 /home/medsur/Documents/projets/medsurlink/medicalink-app/vendor/laravel/framework/src/Illuminate/Foundation/Http/Kernel.php(176): Illuminate\\Routing\\Router->dispatch()
#22 /home/medsur/Documents/projets/medsurlink/medicalink-app/vendor/laravel/framework/src/Illuminate/Routing/Pipeline.php(30): Illuminate\\Foundation\\Http\\Kernel->Illuminate\\Foundation\\Http\\{closure}()
#23 /home/medsur/Documents/projets/medsurlink/medicalink-app/vendor/barryvdh/laravel-debugbar/src/Middleware/InjectDebugbar.php(65): Illuminate\\Routing\\Pipeline->Illuminate\\Routing\\{closure}()
#24 /home/medsur/Documents/projets/medsurlink/medicalink-app/vendor/laravel/framework/src/Illuminate/Pipeline/Pipeline.php(163): Barryvdh\\Debugbar\\Middleware\\InjectDebugbar->handle()
#25 /home/medsur/Documents/projets/medsurlink/medicalink-app/vendor/laravel/framework/src/Illuminate/Routing/Pipeline.php(53): Illuminate\\Pipeline\\Pipeline->Illuminate\\Pipeline\\{closure}()
#26 /home/medsur/Documents/projets/medsurlink/medicalink-app/vendor/fideloper/proxy/src/TrustProxies.php(57): Illuminate\\Routing\\Pipeline->Illuminate\\Routing\\{closure}()
#27 /home/medsur/Documents/projets/medsurlink/medicalink-app/vendor/laravel/framework/src/Illuminate/Pipeline/Pipeline.php(163): Fideloper\\Proxy\\TrustProxies->handle()
#28 /home/medsur/Documents/projets/medsurlink/medicalink-app/vendor/laravel/framework/src/Illuminate/Routing/Pipeline.php(53): Illuminate\\Pipeline\\Pipeline->Illuminate\\Pipeline\\{closure}()
#29 /home/medsur/Documents/projets/medsurlink/medicalink-app/vendor/laravel/framework/src/Illuminate/Foundation/Http/Middleware/TransformsRequest.php(21): Illuminate\\Routing\\Pipeline->Illuminate\\Routing\\{closure}()
#30 /home/medsur/Documents/projets/medsurlink/medicalink-app/vendor/laravel/framework/src/Illuminate/Pipeline/Pipeline.php(163): Illuminate\\Foundation\\Http\\Middleware\\TransformsRequest->handle()
#31 /home/medsur/Documents/projets/medsurlink/medicalink-app/vendor/laravel/framework/src/Illuminate/Routing/Pipeline.php(53): Illuminate\\Pipeline\\Pipeline->Illuminate\\Pipeline\\{closure}()
#32 /home/medsur/Documents/projets/medsurlink/medicalink-app/vendor/laravel/framework/src/Illuminate/Foundation/Http/Middleware/TransformsRequest.php(21): Illuminate\\Routing\\Pipeline->Illuminate\\Routing\\{closure}()
#33 /home/medsur/Documents/projets/medsurlink/medicalink-app/vendor/laravel/framework/src/Illuminate/Pipeline/Pipeline.php(163): Illuminate\\Foundation\\Http\\Middleware\\TransformsRequest->handle()
#34 /home/medsur/Documents/projets/medsurlink/medicalink-app/vendor/laravel/framework/src/Illuminate/Routing/Pipeline.php(53): Illuminate\\Pipeline\\Pipeline->Illuminate\\Pipeline\\{closure}()
#35 /home/medsur/Documents/projets/medsurlink/medicalink-app/vendor/laravel/framework/src/Illuminate/Foundation/Http/Middleware/ValidatePostSize.php(27): Illuminate\\Routing\\Pipeline->Illuminate\\Routing\\{closure}()
#36 /home/medsur/Documents/projets/medsurlink/medicalink-app/vendor/laravel/framework/src/Illuminate/Pipeline/Pipeline.php(163): Illuminate\\Foundation\\Http\\Middleware\\ValidatePostSize->handle()
#37 /home/medsur/Documents/projets/medsurlink/medicalink-app/vendor/laravel/framework/src/Illuminate/Routing/Pipeline.php(53): Illuminate\\Pipeline\\Pipeline->Illuminate\\Pipeline\\{closure}()
#38 /home/medsur/Documents/projets/medsurlink/medicalink-app/vendor/laravel/framework/src/Illuminate/Foundation/Http/Middleware/CheckForMaintenanceMode.php(62): Illuminate\\Routing\\Pipeline->Illuminate\\Routing\\{closure}()
#39 /home/medsur/Documents/projets/medsurlink/medicalink-app/vendor/laravel/framework/src/Illuminate/Pipeline/Pipeline.php(163): Illuminate\\Foundation\\Http\\Middleware\\CheckForMaintenanceMode->handle()
#40 /home/medsur/Documents/projets/medsurlink/medicalink-app/vendor/laravel/framework/src/Illuminate/Routing/Pipeline.php(53): Illuminate\\Pipeline\\Pipeline->Illuminate\\Pipeline\\{closure}()
#41 /home/medsur/Documents/projets/medsurlink/medicalink-app/vendor/laravel/framework/src/Illuminate/Pipeline/Pipeline.php(104): Illuminate\\Routing\\Pipeline->Illuminate\\Routing\\{closure}()
#42 /home/medsur/Documents/projets/medsurlink/medicalink-app/vendor/laravel/framework/src/Illuminate/Foundation/Http/Kernel.php(151): Illuminate\\Pipeline\\Pipeline->then()
#43 /home/medsur/Documents/projets/medsurlink/medicalink-app/vendor/laravel/framework/src/Illuminate/Foundation/Http/Kernel.php(116): Illuminate\\Foundation\\Http\\Kernel->sendRequestThroughRouter()
#44 /home/medsur/Documents/projets/medsurlink/medicalink-app/public/index.php(55): Illuminate\\Foundation\\Http\\Kernel->handle()
#45 /home/medsur/Documents/projets/medsurlink/medicalink-app/server.php(21): require_once('/home/medsur/Do...')
#46 {main}
"} 
[2023-05-30 15:10:55] local.ERROR: The resource owner or authorization server denied the request. {"exception":"[object] (League\\OAuth2\\Server\\Exception\\OAuthServerException(code: 9): The resource owner or authorization server denied the request. at /home/medsur/Documents/projets/medsurlink/medicalink-app/vendor/league/oauth2-server/src/Exception/OAuthServerException.php:223, Illuminate\\Database\\QueryException(code: 1045): SQLSTATE[HY000] [1045] Access denied for user 'root'@'localhost' (using password: NO) (SQL: select * from `oauth_access_tokens` where `id` = 977c3a6cad95e27738235cce2add8dd3bf451903849b7e6de7bca0ecf74c53a4c77d8280cdfbdeb7 limit 1) at /home/medsur/Documents/projets/medsurlink/medicalink-app/vendor/laravel/framework/src/Illuminate/Database/Connection.php:664, Doctrine\\DBAL\\Driver\\PDO\\Exception(code: 1045): SQLSTATE[HY000] [1045] Access denied for user 'root'@'localhost' (using password: NO) at /home/medsur/Documents/projets/medsurlink/medicalink-app/vendor/doctrine/dbal/lib/Doctrine/DBAL/Driver/PDO/Exception.php:18, PDOException(code: 1045): SQLSTATE[HY000] [1045] Access denied for user 'root'@'localhost' (using password: NO) at /home/medsur/Documents/projets/medsurlink/medicalink-app/vendor/doctrine/dbal/lib/Doctrine/DBAL/Driver/PDOConnection.php:40)
[stacktrace]
#0 /home/medsur/Documents/projets/medsurlink/medicalink-app/vendor/league/oauth2-server/src/AuthorizationValidators/BearerTokenValidator.php(103): League\\OAuth2\\Server\\Exception\\OAuthServerException::accessDenied()
#1 /home/medsur/Documents/projets/medsurlink/medicalink-app/vendor/league/oauth2-server/src/ResourceServer.php(84): League\\OAuth2\\Server\\AuthorizationValidators\\BearerTokenValidator->validateAuthorization()
#2 /home/medsur/Documents/projets/medsurlink/medicalink-app/vendor/laravel/passport/src/Guards/TokenGuard.php(175): League\\OAuth2\\Server\\ResourceServer->validateAuthenticatedRequest()
#3 /home/medsur/Documents/projets/medsurlink/medicalink-app/vendor/laravel/passport/src/Guards/TokenGuard.php(127): Laravel\\Passport\\Guards\\TokenGuard->getPsrRequestViaBearerToken()
#4 /home/medsur/Documents/projets/medsurlink/medicalink-app/vendor/laravel/passport/src/Guards/TokenGuard.php(90): Laravel\\Passport\\Guards\\TokenGuard->authenticateViaBearerToken()
#5 /home/medsur/Documents/projets/medsurlink/medicalink-app/vendor/laravel/passport/src/PassportServiceProvider.php(275): Laravel\\Passport\\Guards\\TokenGuard->user()
#6 [internal function]: Laravel\\Passport\\PassportServiceProvider->Laravel\\Passport\\{closure}()
#7 /home/medsur/Documents/projets/medsurlink/medicalink-app/vendor/laravel/framework/src/Illuminate/Auth/RequestGuard.php(58): call_user_func()
#8 /home/medsur/Documents/projets/medsurlink/medicalink-app/vendor/laravel/framework/src/Illuminate/Auth/GuardHelpers.php(60): Illuminate\\Auth\\RequestGuard->user()
#9 /home/medsur/Documents/projets/medsurlink/medicalink-app/app/Http/Middleware/Authenticate.php(36): Illuminate\\Auth\\RequestGuard->check()
#10 /home/medsur/Documents/projets/medsurlink/medicalink-app/vendor/laravel/framework/src/Illuminate/Auth/Middleware/Authenticate.php(41): App\\Http\\Middleware\\Authenticate->authenticate()
#11 /home/medsur/Documents/projets/medsurlink/medicalink-app/vendor/laravel/framework/src/Illuminate/Pipeline/Pipeline.php(163): Illuminate\\Auth\\Middleware\\Authenticate->handle()
#12 /home/medsur/Documents/projets/medsurlink/medicalink-app/vendor/laravel/framework/src/Illuminate/Routing/Pipeline.php(53): Illuminate\\Pipeline\\Pipeline->Illuminate\\Pipeline\\{closure}()
#13 /home/medsur/Documents/projets/medsurlink/medicalink-app/vendor/laravel/framework/src/Illuminate/Routing/Middleware/ThrottleRequests.php(58): Illuminate\\Routing\\Pipeline->Illuminate\\Routing\\{closure}()
#14 /home/medsur/Documents/projets/medsurlink/medicalink-app/vendor/laravel/framework/src/Illuminate/Pipeline/Pipeline.php(163): Illuminate\\Routing\\Middleware\\ThrottleRequests->handle()
#15 /home/medsur/Documents/projets/medsurlink/medicalink-app/vendor/laravel/framework/src/Illuminate/Routing/Pipeline.php(53): Illuminate\\Pipeline\\Pipeline->Illuminate\\Pipeline\\{closure}()
#16 /home/medsur/Documents/projets/medsurlink/medicalink-app/vendor/laravel/framework/src/Illuminate/Pipeline/Pipeline.php(104): Illuminate\\Routing\\Pipeline->Illuminate\\Routing\\{closure}()
#17 /home/medsur/Documents/projets/medsurlink/medicalink-app/vendor/laravel/framework/src/Illuminate/Routing/Router.php(682): Illuminate\\Pipeline\\Pipeline->then()
#18 /home/medsur/Documents/projets/medsurlink/medicalink-app/vendor/laravel/framework/src/Illuminate/Routing/Router.php(657): Illuminate\\Routing\\Router->runRouteWithinStack()
#19 /home/medsur/Documents/projets/medsurlink/medicalink-app/vendor/laravel/framework/src/Illuminate/Routing/Router.php(623): Illuminate\\Routing\\Router->runRoute()
#20 /home/medsur/Documents/projets/medsurlink/medicalink-app/vendor/laravel/framework/src/Illuminate/Routing/Router.php(612): Illuminate\\Routing\\Router->dispatchToRoute()
#21 /home/medsur/Documents/projets/medsurlink/medicalink-app/vendor/laravel/framework/src/Illuminate/Foundation/Http/Kernel.php(176): Illuminate\\Routing\\Router->dispatch()
#22 /home/medsur/Documents/projets/medsurlink/medicalink-app/vendor/laravel/framework/src/Illuminate/Routing/Pipeline.php(30): Illuminate\\Foundation\\Http\\Kernel->Illuminate\\Foundation\\Http\\{closure}()
#23 /home/medsur/Documents/projets/medsurlink/medicalink-app/vendor/barryvdh/laravel-debugbar/src/Middleware/InjectDebugbar.php(65): Illuminate\\Routing\\Pipeline->Illuminate\\Routing\\{closure}()
#24 /home/medsur/Documents/projets/medsurlink/medicalink-app/vendor/laravel/framework/src/Illuminate/Pipeline/Pipeline.php(163): Barryvdh\\Debugbar\\Middleware\\InjectDebugbar->handle()
#25 /home/medsur/Documents/projets/medsurlink/medicalink-app/vendor/laravel/framework/src/Illuminate/Routing/Pipeline.php(53): Illuminate\\Pipeline\\Pipeline->Illuminate\\Pipeline\\{closure}()
#26 /home/medsur/Documents/projets/medsurlink/medicalink-app/vendor/fideloper/proxy/src/TrustProxies.php(57): Illuminate\\Routing\\Pipeline->Illuminate\\Routing\\{closure}()
#27 /home/medsur/Documents/projets/medsurlink/medicalink-app/vendor/laravel/framework/src/Illuminate/Pipeline/Pipeline.php(163): Fideloper\\Proxy\\TrustProxies->handle()
#28 /home/medsur/Documents/projets/medsurlink/medicalink-app/vendor/laravel/framework/src/Illuminate/Routing/Pipeline.php(53): Illuminate\\Pipeline\\Pipeline->Illuminate\\Pipeline\\{closure}()
#29 /home/medsur/Documents/projets/medsurlink/medicalink-app/vendor/laravel/framework/src/Illuminate/Foundation/Http/Middleware/TransformsRequest.php(21): Illuminate\\Routing\\Pipeline->Illuminate\\Routing\\{closure}()
#30 /home/medsur/Documents/projets/medsurlink/medicalink-app/vendor/laravel/framework/src/Illuminate/Pipeline/Pipeline.php(163): Illuminate\\Foundation\\Http\\Middleware\\TransformsRequest->handle()
#31 /home/medsur/Documents/projets/medsurlink/medicalink-app/vendor/laravel/framework/src/Illuminate/Routing/Pipeline.php(53): Illuminate\\Pipeline\\Pipeline->Illuminate\\Pipeline\\{closure}()
#32 /home/medsur/Documents/projets/medsurlink/medicalink-app/vendor/laravel/framework/src/Illuminate/Foundation/Http/Middleware/TransformsRequest.php(21): Illuminate\\Routing\\Pipeline->Illuminate\\Routing\\{closure}()
#33 /home/medsur/Documents/projets/medsurlink/medicalink-app/vendor/laravel/framework/src/Illuminate/Pipeline/Pipeline.php(163): Illuminate\\Foundation\\Http\\Middleware\\TransformsRequest->handle()
#34 /home/medsur/Documents/projets/medsurlink/medicalink-app/vendor/laravel/framework/src/Illuminate/Routing/Pipeline.php(53): Illuminate\\Pipeline\\Pipeline->Illuminate\\Pipeline\\{closure}()
#35 /home/medsur/Documents/projets/medsurlink/medicalink-app/vendor/laravel/framework/src/Illuminate/Foundation/Http/Middleware/ValidatePostSize.php(27): Illuminate\\Routing\\Pipeline->Illuminate\\Routing\\{closure}()
#36 /home/medsur/Documents/projets/medsurlink/medicalink-app/vendor/laravel/framework/src/Illuminate/Pipeline/Pipeline.php(163): Illuminate\\Foundation\\Http\\Middleware\\ValidatePostSize->handle()
#37 /home/medsur/Documents/projets/medsurlink/medicalink-app/vendor/laravel/framework/src/Illuminate/Routing/Pipeline.php(53): Illuminate\\Pipeline\\Pipeline->Illuminate\\Pipeline\\{closure}()
#38 /home/medsur/Documents/projets/medsurlink/medicalink-app/vendor/laravel/framework/src/Illuminate/Foundation/Http/Middleware/CheckForMaintenanceMode.php(62): Illuminate\\Routing\\Pipeline->Illuminate\\Routing\\{closure}()
#39 /home/medsur/Documents/projets/medsurlink/medicalink-app/vendor/laravel/framework/src/Illuminate/Pipeline/Pipeline.php(163): Illuminate\\Foundation\\Http\\Middleware\\CheckForMaintenanceMode->handle()
#40 /home/medsur/Documents/projets/medsurlink/medicalink-app/vendor/laravel/framework/src/Illuminate/Routing/Pipeline.php(53): Illuminate\\Pipeline\\Pipeline->Illuminate\\Pipeline\\{closure}()
#41 /home/medsur/Documents/projets/medsurlink/medicalink-app/vendor/laravel/framework/src/Illuminate/Pipeline/Pipeline.php(104): Illuminate\\Routing\\Pipeline->Illuminate\\Routing\\{closure}()
#42 /home/medsur/Documents/projets/medsurlink/medicalink-app/vendor/laravel/framework/src/Illuminate/Foundation/Http/Kernel.php(151): Illuminate\\Pipeline\\Pipeline->then()
#43 /home/medsur/Documents/projets/medsurlink/medicalink-app/vendor/laravel/framework/src/Illuminate/Foundation/Http/Kernel.php(116): Illuminate\\Foundation\\Http\\Kernel->sendRequestThroughRouter()
#44 /home/medsur/Documents/projets/medsurlink/medicalink-app/public/index.php(55): Illuminate\\Foundation\\Http\\Kernel->handle()
#45 /home/medsur/Documents/projets/medsurlink/medicalink-app/server.php(21): require_once('/home/medsur/Do...')
#46 {main}
"} 
